1:app/api/material-requests/route.ts(194,15): error TS2345: Argument of type '{ company_code: any; plant_code: any; project_code: any; cost_center: any; wbs_element: any; required_date: any; priority: any; justification: any; total_amount: any; }' is not assignable to parameter of type '(Omit<Database, "__InternalSupabase">[("public" extends Exclude<keyof Database, "__InternalSupabase"> ? "public" : string & Exclude<keyof Database, "__InternalSupabase">) extends "public" ? "public" & ("public" extends Exclude<...> ? "public" : string & Exclude<...>) : "public"] extends GenericSchema ? Omit<...>[("p...'.
2:app/api/materials/bulk-upload/route.ts(64,31): error TS2551: Property 'userId' does not exist on type 'AuthContext'. Did you mean 'user'?
3:app/api/materials/master-data/route.ts(95,28): error TS2345: Argument of type 'boolean' is not assignable to parameter of type '("is_active" extends keyof (Omit<Database, "__InternalSupabase">[("public" extends Exclude<keyof Database, "__InternalSupabase"> ? "public" : string & Exclude<...>) extends "public" ? "public" & ("public" extends Exclude<...> ? "public" : string & Exclude<...>) : "public"] extends GenericSchema ? Omit<...>[("public"...'.
4:app/api/materials/master-data/route.ts(119,28): error TS2345: Argument of type 'boolean' is not assignable to parameter of type '("is_active" extends keyof (Omit<Database, "__InternalSupabase">[("public" extends Exclude<keyof Database, "__InternalSupabase"> ? "public" : string & Exclude<...>) extends "public" ? "public" & ("public" extends Exclude<...> ? "public" : string & Exclude<...>) : "public"] extends GenericSchema ? Omit<...>[("public"...'.
5:app/api/number-ranges/route.ts(8,13): error TS2769: No overload matches this call.
6:app/api/number-ranges/route.ts(27,13): error TS2769: No overload matches this call.
7:app/api/number-ranges/route.ts(48,13): error TS2769: No overload matches this call.
8:app/api/projects/route.ts(24,40): error TS2345: Argument of type 'string' is not assignable to parameter of type '("company_code" extends keyof (Omit<Database, "__InternalSupabase">[("public" extends Exclude<keyof Database, "__InternalSupabase"> ? "public" : string & Exclude<...>) extends "public" ? "public" & ("public" extends Exclude<...> ? "public" : string & Exclude<...>) : "public"] extends GenericSchema ? Omit<...>[("publ...'.
9:app/api/purchase-orders/route.ts(8,8): error TS2339: Property 'from' does not exist on type 'Promise<SupabaseClient<Database, "public" extends Exclude<keyof Database, "__InternalSupabase"> ? "public" : string & Exclude<keyof Database, "__InternalSupabase">, ("public" extends Exclude<...> ? "public" : string & Exclude<...>) extends "public" ? "public" & ("public" extends Exclude<...> ? "public" : string & Ex...'.
10:app/api/purchase-orders/route.ts(27,69): error TS2339: Property 'rpc' does not exist on type 'Promise<SupabaseClient<Database, "public" extends Exclude<keyof Database, "__InternalSupabase"> ? "public" : string & Exclude<keyof Database, "__InternalSupabase">, ("public" extends Exclude<...> ? "public" : string & Exclude<...>) extends "public" ? "public" & ("public" extends Exclude<...> ? "public" : string & Ex...'.
11:app/api/purchase-orders/route.ts(41,8): error TS2339: Property 'from' does not exist on type 'Promise<SupabaseClient<Database, "public" extends Exclude<keyof Database, "__InternalSupabase"> ? "public" : string & Exclude<keyof Database, "__InternalSupabase">, ("public" extends Exclude<...> ? "public" : string & Exclude<...>) extends "public" ? "public" & ("public" extends Exclude<...> ? "public" : string & Ex...'.
12:app/api/tasks/route.ts(17,38): error TS2345: Argument of type 'string' is not assignable to parameter of type '("project_id" extends keyof (Omit<Database, "__InternalSupabase">[("public" extends Exclude<keyof Database, "__InternalSupabase"> ? "public" : string & Exclude<...>) extends "public" ? "public" & ("public" extends Exclude<...> ? "public" : string & Exclude<...>) : "public"] extends GenericSchema ? Omit<...>[("public...'.
13:app/api/tiles/route.ts(33,19): error TS2345: Argument of type 'string' is not assignable to parameter of type '("id" extends keyof (Omit<Database, "__InternalSupabase">[("public" extends Exclude<keyof Database, "__InternalSupabase"> ? "public" : string & Exclude<...>) extends "public" ? "public" & ("public" extends Exclude<...> ? "public" : string & Exclude<...>) : "public"] extends GenericSchema ? Omit<...>[("public" extend...'.
14:app/api/tiles/route.ts(40,33): error TS2339: Property 'roles' does not exist on type 'SelectQueryError<"Processing node failed."> | SelectQueryError<"Could not retrieve a valid record or error value"> | { [K in keyof (FindDuplicatesWithinDeduplicated<(ResolveRelationship<Omit<Database, "__InternalSupabase">[("public" extends Exclude<...> ? "public" : string & Exclude<...>) extends "public" ? "public"...'.
15:app/api/tiles/route.ts(45,14): error TS2345: Argument of type 'string' is not assignable to parameter of type 'string & keyof (Omit<Database, "__InternalSupabase">[("public" extends Exclude<keyof Database, "__InternalSupabase"> ? "public" : string & Exclude<...>) extends "public" ? "public" & ("public" extends Exclude<...> ? "public" : string & Exclude<...>) : "public"] extends GenericSchema ? Omit<...>[("public" extends Exc...'.
16:app/api/tiles/route.ts(52,50): error TS2339: Property 'map' does not exist on type 'GetRpcFunctionFilterBuilderByArgs<Omit<Database, "__InternalSupabase">[("public" extends Exclude<keyof Database, "__InternalSupabase"> ? "public" : string & Exclude<keyof Database, "__InternalSupabase">) extends "public" ? "public" & ("public" extends Exclude<...> ? "public" : string & Exclude<...>) : "public"] exte...'.
17:app/api/tiles/route.ts(60,26): error TS2345: Argument of type 'boolean' is not assignable to parameter of type '("is_active" extends keyof (Omit<Database, "__InternalSupabase">[("public" extends Exclude<keyof Database, "__InternalSupabase"> ? "public" : string & Exclude<...>) extends "public" ? "public" & ("public" extends Exclude<...> ? "public" : string & Exclude<...>) : "public"] extends GenericSchema ? Omit<...>[("public"...'.
18:app/login/tenant-selection.tsx(54,18): error TS2345: Argument of type '{ id: any; name: any; code: any; }[][]' is not assignable to parameter of type 'SetStateAction<Tenant[]>'.
19:components/common/RoleBasedComponent.tsx(18,11): error TS2339: Property 'getUserRole' does not exist on type 'AuthContextType'.
20:components/common/RoleBasedComponent.tsx(18,24): error TS2339: Property 'hasPermission' does not exist on type 'AuthContextType'.
21:components/common/UserProfile.tsx(7,35): error TS2339: Property 'getUserRole' does not exist on type 'AuthContextType'.
22:components/dashboards/CostToCompleteDashboard.tsx(4,58): error TS2307: Cannot find module '@/components/ui/card' or its corresponding type declarations.
23:components/dashboards/CostToCompleteDashboard.tsx(5,26): error TS2307: Cannot find module '@/components/ui/progress' or its corresponding type declarations.
24:components/dashboards/CostToCompleteDashboard.tsx(6,124): error TS2307: Cannot find module 'recharts' or its corresponding type declarations.
25:components/dashboards/CostToDateDashboard.tsx(4,58): error TS2307: Cannot find module '@/components/ui/card' or its corresponding type declarations.
26:components/dashboards/CostToDateDashboard.tsx(6,128): error TS2307: Cannot find module 'recharts' or its corresponding type declarations.
27:components/dashboards/CostToDateDashboard.tsx(97,26): error TS2322: Type '{ children: Element; className: string; }' is not assignable to type 'IntrinsicAttributes & { children?: ReactNode; }'.
28:components/dashboards/EarnedValueDashboard.tsx(4,58): error TS2307: Cannot find module '@/components/ui/card' or its corresponding type declarations.
29:components/dashboards/EarnedValueDashboard.tsx(5,124): error TS2307: Cannot find module 'recharts' or its corresponding type declarations.
30:components/dashboards/StockLevelsDashboard.tsx(4,58): error TS2307: Cannot find module '@/components/ui/card' or its corresponding type declarations.
31:components/dashboards/StockLevelsDashboard.tsx(5,23): error TS2307: Cannot find module '@/components/ui/badge' or its corresponding type declarations.
32:components/dashboards/StockLevelsDashboard.tsx(6,26): error TS2307: Cannot find module '@/components/ui/progress' or its corresponding type declarations.
33:components/dashboards/StockLevelsDashboard.tsx(8,128): error TS2307: Cannot find module 'recharts' or its corresponding type declarations.
34:components/dashboards/StockLevelsDashboard.tsx(209,28): error TS2322: Type '{ children: Element; className: string; }' is not assignable to type 'IntrinsicAttributes & { children?: ReactNode; }'.
35:components/dashboards/StockLevelsDashboard.tsx(210,28): error TS2322: Type '{ placeholder: string; }' is not assignable to type 'IntrinsicAttributes & { children?: ReactNode; }'.
36:components/dashboards/StockLevelsDashboard.tsx(220,28): error TS2322: Type '{ children: Element; className: string; }' is not assignable to type 'IntrinsicAttributes & { children?: ReactNode; }'.
37:components/dashboards/StockLevelsDashboard.tsx(221,28): error TS2322: Type '{ placeholder: string; }' is not assignable to type 'IntrinsicAttributes & { children?: ReactNode; }'.
38:components/dashboards/TimesheetCostSummary.tsx(4,58): error TS2307: Cannot find module '@/components/ui/card' or its corresponding type declarations.
39:components/dashboards/TimesheetCostSummary.tsx(6,23): error TS2307: Cannot find module '@/components/ui/badge' or its corresponding type declarations.
40:components/dashboards/TimesheetCostSummary.tsx(7,145): error TS2307: Cannot find module 'recharts' or its corresponding type declarations.
41:components/dashboards/TimesheetCostSummary.tsx(226,26): error TS2322: Type '{ children: Element; className: string; }' is not assignable to type 'IntrinsicAttributes & { children?: ReactNode; }'.
42:components/features/approvals/ApprovalConfiguration.tsx(2,58): error TS2307: Cannot find module '@/components/ui/card' or its corresponding type declarations.
43:components/features/approvals/ApprovalConfiguration.tsx(175,21): error TS2322: Type '{ children: string; variant: string; }' is not assignable to type 'IntrinsicAttributes & ButtonProps & RefAttributes<HTMLButtonElement>'.
44:components/features/approvals/ApprovalConfiguration.tsx(176,21): error TS2322: Type '{ children: string; variant: string; }' is not assignable to type 'IntrinsicAttributes & ButtonProps & RefAttributes<HTMLButtonElement>'.
45:components/features/approvals/ApprovalConfiguration.tsx(177,21): error TS2322: Type '{ children: string; variant: string; }' is not assignable to type 'IntrinsicAttributes & ButtonProps & RefAttributes<HTMLButtonElement>'.
46:components/features/approvals/ApprovalWorkflowComponents.tsx(2,58): error TS2307: Cannot find module '@/components/ui/card' or its corresponding type declarations.
47:components/features/approvals/ApprovalWorkflowComponents.tsx(5,23): error TS2307: Cannot find module '@/components/ui/icons' or its corresponding type declarations.
48:components/features/configuration/ERPConfigurationTile.tsx(5,39): error TS2307: Cannot find module '../EnhancedProjectsConfigTab' or its corresponding type declarations.
49:components/features/configuration/flexible-approval-configuration.tsx(5,41): error TS2307: Cannot find module '../../domains/approval/FlexibleApprovalService' or its corresponding type declarations.
50:components/features/configuration/SAPOrgTree.tsx(4,26): error TS2307: Cannot find module '../lib/supabase-simple' or its corresponding type declarations.
51:components/features/configuration/SAPOrgTreeCRUD.tsx(4,26): error TS2307: Cannot find module '../lib/supabase-simple' or its corresponding type declarations.
52:components/features/controlling/ControllingComponents.tsx(331,71): error TS2322: Type 'string' is not assignable to type 'number'.
53:components/features/finance/FinanceComponents.tsx(387,17): error TS2322: Type 'string' is not assignable to type 'number'.
54:components/features/finance/GLPosting.tsx(118,34): error TS2339: Property 'document_number' does not exist on type 'PostingResult | { success: boolean; error: any; }'.
55:components/features/hr/BulkUserUpload.tsx(3,10): error TS2300: Duplicate identifier 'useState'.
56:components/features/hr/BulkUserUpload.tsx(4,10): error TS2300: Duplicate identifier 'useState'.
57:components/features/hr/WeeklyTimesheet.tsx(4,58): error TS2307: Cannot find module '@/components/ui/card' or its corresponding type declarations.
58:components/features/hr/WeeklyTimesheet.tsx(8,23): error TS2307: Cannot find module '@/components/ui/badge' or its corresponding type declarations.
59:components/features/hr/WeeklyTimesheet.tsx(10,79): error TS2307: Cannot find module '@/components/ui/table' or its corresponding type declarations.
60:components/features/hr/WeeklyTimesheet.tsx(229,19): error TS2322: Type '{ children: Element; variant: string; size: string; onClick: () => void; }' is not assignable to type 'IntrinsicAttributes & ButtonProps & RefAttributes<HTMLButtonElement>'.
61:components/features/hr/WeeklyTimesheet.tsx(235,19): error TS2322: Type '{ children: Element; variant: string; size: string; onClick: () => void; }' is not assignable to type 'IntrinsicAttributes & ButtonProps & RefAttributes<HTMLButtonElement>'.
62:components/features/hr/WeeklyTimesheet.tsx(242,21): error TS2322: Type '{ children: (string | Element)[]; variant: string; onClick: () => void; }' is not assignable to type 'IntrinsicAttributes & ButtonProps & RefAttributes<HTMLButtonElement>'.
63:components/features/hr/WeeklyTimesheet.tsx(246,21): error TS2322: Type '{ children: (string | Element)[]; variant: string; onClick: () => Promise<void>; disabled: boolean; }' is not assignable to type 'IntrinsicAttributes & ButtonProps & RefAttributes<HTMLButtonElement>'.
64:components/features/hr/WeeklyTimesheet.tsx(294,42): error TS2322: Type '{ placeholder: string; }' is not assignable to type 'IntrinsicAttributes & { children?: ReactNode; }'.
65:components/features/hr/WeeklyTimesheet.tsx(360,29): error TS2322: Type '{ children: Element; variant: string; size: string; onClick: () => void; }' is not assignable to type 'IntrinsicAttributes & ButtonProps & RefAttributes<HTMLButtonElement>'.
66:components/features/hr/WeeklyTimesheet.tsx(367,29): error TS2322: Type '{ children: Element; variant: string; size: string; onClick: () => void; className: string; }' is not assignable to type 'IntrinsicAttributes & ButtonProps & RefAttributes<HTMLButtonElement>'.
67:components/features/hr/WeeklyTimesheet.tsx(473,27): error TS2322: Type '{ children: (string | Element)[]; variant: string; className: string; onClick: () => Promise<void>; disabled: boolean; }' is not assignable to type 'IntrinsicAttributes & ButtonProps & RefAttributes<HTMLButtonElement>'.
68:components/features/inventory/InventoryManager.tsx(96,32): error TS2345: Argument of type '{ account_assignment: string; available_quantity: number; average_cost: number; cost_center: string; current_quantity: number; id: string; last_movement_date: string; material_code: string; ... 8 more ...; store: SelectQueryError<...>; }[]' is not assignable to parameter of type 'SetStateAction<StockBalance[]>'.
69:components/features/inventory/InventoryManager.tsx(152,15): error TS2769: No overload matches this call.
70:components/features/materials/MaterialMasterComponents.tsx(298,42): error TS2345: Argument of type '{ material_code: string; material_name: string; description: string; category: string; material_group: string; base_uom: string; material_type: string; }' is not assignable to parameter of type 'SetStateAction<{ material_code: string; material_name: string; description: string; category: string; material_group: string; base_uom: string; material_type: string; weight_unit: string; gross_weight: number; net_weight: number; volume_unit: string; volume: number; }>'.
71:components/features/materials/MaterialMasterComponents.tsx(1004,48): error TS2551: Property 'downloadMaterialTemplate' does not exist on type 'typeof BulkOperationsService'. Did you mean 'downloadTemplate'?
72:components/features/materials/MaterialMasterComponents.tsx(1014,7): error TS2353: Object literal may only specify known properties, and 'material_type' does not exist in type '{ company_code?: string; plant_code?: string; category?: string; }'.
73:components/features/materials/UnifiedMaterialRequestComponent.tsx(867,54): error TS2345: Argument of type '(prev: MaterialRequestFormData) => { priority: string; required_date: string; company_code: string; plant_code: string; storage_location: string; cost_center: string; ... 8 more ...; items: MaterialRequestItem[]; }' is not assignable to parameter of type 'SetStateAction<MaterialRequestFormData>'.
74:components/features/materials/UnifiedMaterialRequestComponent.tsx(903,54): error TS2345: Argument of type '(prev: MaterialRequestFormData) => { account_assignment: string; project_code: string; wbs_element: string; activity_code: string; cost_center: string; order_number: string; ... 8 more ...; items: MaterialRequestItem[]; }' is not assignable to parameter of type 'SetStateAction<MaterialRequestFormData>'.
75:components/features/procurement/POApprovalPanel.tsx(2,58): error TS2307: Cannot find module '@/components/ui/card' or its corresponding type declarations.
76:components/features/procurement/POApprovalPanel.tsx(120,23): error TS2322: Type '{ children: string; onClick: () => Promise<void>; disabled: boolean; variant: string; }' is not assignable to type 'IntrinsicAttributes & ButtonProps & RefAttributes<HTMLButtonElement>'.
77:components/features/procurement/PurchaseOrderManagement-compatible.tsx(2,53): error TS2307: Cannot find module '../../domains/purchase-orders/poServices-compatible' or its corresponding type declarations.
78:components/features/procurement/PurchaseOrderManager.tsx(70,33): error TS2345: Argument of type '{ approval_route_id: string; approval_status: string; approved_at: string; approved_by: string; approved_date: string; budget_code: string; cost_center: string; created_at: string; created_by: string; ... 29 more ...; project: { ...; }; }[]' is not assignable to parameter of type 'SetStateAction<PurchaseOrder[]>'.
79:components/features/procurement/VendorManager.tsx(45,26): error TS2345: Argument of type '{ address: string; contact_person: string; created_at: string; email: string; id: string; is_active: boolean; payment_terms_id: string; phone: string; vendor_category_id: string; vendor_code: string; vendor_name: string; }[]' is not assignable to parameter of type 'SetStateAction<Vendor[]>'.
80:components/features/procurement/VendorManager.tsx(64,17): error TS2769: No overload matches this call.
81:components/features/procurement/VendorManager.tsx(87,7): error TS2322: Type '"active" | "inactive" | "blacklisted"' is not assignable to type '"active"'.
82:components/features/projects/CostManagementWithSelector.tsx(219,22): error TS2322: Type '{ projectId: string; }' is not assignable to type 'IntrinsicAttributes'.
83:components/features/projects/ManageProjectsComponent.tsx(228,17): error TS2345: Argument of type '{ code: any; name: any; description: any; project_type: any; status: any; start_date: any; planned_end_date: any; budget: any; location: any; company_code_id: any; }' is not assignable to parameter of type 'SetStateAction<{ code: string; name: string; description: string; category_code: string; project_type: string; status: string; start_date: string; planned_end_date: string; budget: number; location: string; company_code_id: string; selected_pattern: string; }>'.
84:components/features/projects/ProjectMaster.tsx(64,27): error TS2345: Argument of type '{ actual_end_date: string; budget: number; category_code: string; client_id: string; code: string; company_code: string; company_code_id: string; cost_center_id: string; created_at: string; ... 24 more ...; company: SelectQueryError<...>; }[]' is not assignable to parameter of type 'SetStateAction<Project[]>'.
85:components/features/projects/ScheduleManagementWithSelector.tsx(219,28): error TS2322: Type '{ projectId: string; }' is not assignable to type 'IntrinsicAttributes'.
86:components/features/projects/TasksManagementWithSelector.tsx(153,23): error TS2339: Property 'progress_percentage' does not exist on type 'TaskData'.
87:components/features/projects/WBSManagementWithSelector.tsx(296,21): error TS2322: Type '{ projectId: string; }' is not assignable to type 'IntrinsicAttributes'.
88:components/features/projects/WBSTreeViewer.tsx(4,58): error TS2307: Cannot find module '@/components/ui/card' or its corresponding type declarations.
89:components/features/projects/WBSTreeViewer.tsx(5,23): error TS2307: Cannot find module '@/components/ui/badge' or its corresponding type declarations.
90:components/features/projects/WBSTreeViewer.tsx(7,69): error TS2307: Cannot find module '@/components/ui/collapsible' or its corresponding type declarations.
91:components/features/projects/WBSTreeViewer.tsx(210,21): error TS2322: Type '{ children: Element; variant: string; size: string; onClick: () => void; className: string; }' is not assignable to type 'IntrinsicAttributes & ButtonProps & RefAttributes<HTMLButtonElement>'.
92:components/features/projects/WBSTreeViewer.tsx(248,27): error TS2322: Type '{ children: Element; variant: string; size: string; }' is not assignable to type 'IntrinsicAttributes & ButtonProps & RefAttributes<HTMLButtonElement>'.
93:components/features/projects/WBSTreeViewer.tsx(251,27): error TS2322: Type '{ children: Element; variant: string; size: string; }' is not assignable to type 'IntrinsicAttributes & ButtonProps & RefAttributes<HTMLButtonElement>'.
94:components/features/projects/WBSTreeViewer.tsx(254,27): error TS2322: Type '{ children: Element; variant: string; size: string; className: string; }' is not assignable to type 'IntrinsicAttributes & ButtonProps & RefAttributes<HTMLButtonElement>'.
95:components/layout/ConstructionTiles.tsx(5,28): error TS2307: Cannot find module './UserManagement' or its corresponding type declarations.
96:components/layout/ConstructionTiles.tsx(6,28): error TS2307: Cannot find module './RoleManagement' or its corresponding type declarations.
97:components/layout/ConstructionTiles.tsx(7,32): error TS2307: Cannot find module './UserRoleAssignment' or its corresponding type declarations.
98:components/layout/ConstructionTiles.tsx(8,34): error TS2307: Cannot find module './AuthorizationObjects' or its corresponding type declarations.
99:components/layout/ConstructionTiles.tsx(9,29): error TS2307: Cannot find module './ChartOfAccounts' or its corresponding type declarations.
100:components/layout/ConstructionTiles.tsx(10,34): error TS2307: Cannot find module './ERPConfigurationTile' or its corresponding type declarations.
101:components/layout/dashboards/ProgressDashboard.tsx(4,58): error TS2307: Cannot find module '@/components/ui/card' or its corresponding type declarations.
102:components/layout/dashboards/ProgressDashboard.tsx(5,23): error TS2307: Cannot find module '@/components/ui/badge' or its corresponding type declarations.
103:components/layout/dashboards/ProgressDashboard.tsx(6,26): error TS2307: Cannot find module '@/components/ui/progress' or its corresponding type declarations.
104:components/layout/dashboards/ProgressDashboard.tsx(7,58): error TS2307: Cannot find module '@/components/ui/tabs' or its corresponding type declarations.
105:components/layout/dashboards/ProgressDashboard.tsx(192,26): error TS2322: Type '{ children: Element; className: string; }' is not assignable to type 'IntrinsicAttributes & { children?: ReactNode; }'.
106:components/layout/EnhancedConstructionTiles.tsx(216,13): error TS2322: Type '{ onClose: () => void; onSuccess: () => void; }' is not assignable to type 'IntrinsicAttributes'.
107:components/layout/EnhancedConstructionTiles.tsx(241,31): error TS2322: Type '{ onProjectSelect: (projectId: string, projectName: string) => void; onNewProject: () => void; }' is not assignable to type 'IntrinsicAttributes'.
108:components/projects/ProjectDashboard.tsx(477,96): error TS2339: Property 'actual_cost' does not exist on type 'Project'.
109:components/projects/ProjectDashboard.tsx(478,98): error TS2339: Property 'revenue' does not exist on type 'Project'.
110:components/projects/ProjectDashboard.tsx(480,59): error TS2339: Property 'revenue' does not exist on type 'Project'.
111:components/projects/ProjectDashboard.tsx(480,84): error TS2339: Property 'actual_cost' does not exist on type 'Project'.
112:components/projects/ProjectDashboard.tsx(482,61): error TS2339: Property 'revenue' does not exist on type 'Project'.
113:components/projects/ProjectDashboard.tsx(482,86): error TS2339: Property 'actual_cost' does not exist on type 'Project'.
114:components/shared/auth/ProtectedRoute.tsx(89,10): error TS2304: Cannot find name 'hasPermission'.
115:components/shared/config/EnhancedProjectsConfigTab.tsx(82,27): error TS2345: Argument of type 'ProjectType[]' is not assignable to parameter of type 'SetStateAction<ProjectType[]>'.
116:components/shared/config/EnhancedProjectsConfigTab.tsx(90,29): error TS2345: Argument of type 'NumberingRule[]' is not assignable to parameter of type 'SetStateAction<NumberingRule[]>'.
117:components/shared/config/EnhancedProjectsConfigTab.tsx(133,57): error TS2576: Property 'validateHSNCode' does not exist on type 'RealTimeValidationService'. Did you mean to access the static member 'RealTimeValidationService.validateHSNCode' instead?
118:components/shared/config/EnhancedProjectsConfigTab.tsx(141,56): error TS2576: Property 'validateGLAccount' does not exist on type 'RealTimeValidationService'. Did you mean to access the static member 'RealTimeValidationService.validateGLAccount' instead?
119:components/shared/config/EnhancedProjectsConfigTab.tsx(217,54): error TS2576: Property 'loadProjectTypes' does not exist on type 'DependentDropdownService'. Did you mean to access the static member 'DependentDropdownService.loadProjectTypes' instead?
120:components/shared/config/EnhancedProjectsConfigTab.tsx(233,58): error TS2576: Property 'getHSNOptions' does not exist on type 'DependentDropdownService'. Did you mean to access the static member 'DependentDropdownService.getHSNOptions' instead?
121:components/shared/config/ERPConfigurationModuleComplete.tsx(4,26): error TS2307: Cannot find module '../lib/supabase-simple' or its corresponding type declarations.
122:components/shared/config/ERPConfigurationModuleComplete.tsx(512,94): error TS2339: Property 'company_code' does not exist on type 'MaterialGroup | VendorCategory | PaymentTerm | UOMGroup | MaterialStatus | GLAccount | ... 4 more ... | StorageLocation'.
123:components/shared/config/ERPConfigurationModuleComplete.tsx(513,94): error TS2339: Property 'company_name' does not exist on type 'MaterialGroup | VendorCategory | PaymentTerm | UOMGroup | MaterialStatus | GLAccount | ... 4 more ... | StorageLocation'.
124:components/shared/config/ERPConfigurationModuleComplete.tsx(514,86): error TS2339: Property 'currency' does not exist on type 'MaterialGroup | VendorCategory | PaymentTerm | UOMGroup | MaterialStatus | GLAccount | ... 4 more ... | StorageLocation'.
125:components/shared/config/ERPConfigurationModuleComplete.tsx(515,84): error TS2339: Property 'country' does not exist on type 'MaterialGroup | VendorCategory | PaymentTerm | UOMGroup | MaterialStatus | GLAccount | ... 4 more ... | StorageLocation'.
126:components/shared/config/ERPConfigurationModuleComplete.tsx(521,90): error TS2339: Property 'plant_code' does not exist on type 'MaterialGroup | VendorCategory | PaymentTerm | UOMGroup | MaterialStatus | GLAccount | ... 4 more ... | StorageLocation'.
127:components/shared/config/ERPConfigurationModuleComplete.tsx(522,90): error TS2339: Property 'plant_name' does not exist on type 'MaterialGroup | VendorCategory | PaymentTerm | UOMGroup | MaterialStatus | GLAccount | ... 4 more ... | StorageLocation'.
128:components/shared/config/ERPConfigurationModuleComplete.tsx(523,120): error TS2339: Property 'company_code' does not exist on type 'MaterialGroup | VendorCategory | PaymentTerm | UOMGroup | MaterialStatus | GLAccount | ... 4 more ... | StorageLocation'.
129:components/shared/config/ERPConfigurationModuleComplete.tsx(529,109): error TS2339: Property 'plant_type' does not exist on type 'MaterialGroup | VendorCategory | PaymentTerm | UOMGroup | MaterialStatus | GLAccount | ... 4 more ... | StorageLocation'.
130:components/shared/config/ERPConfigurationModuleComplete.tsx(539,100): error TS2339: Property 'sloc_code' does not exist on type 'MaterialGroup | VendorCategory | PaymentTerm | UOMGroup | MaterialStatus | GLAccount | ... 4 more ... | StorageLocation'.
131:components/shared/config/ERPConfigurationModuleComplete.tsx(540,92): error TS2339: Property 'sloc_name' does not exist on type 'MaterialGroup | VendorCategory | PaymentTerm | UOMGroup | MaterialStatus | GLAccount | ... 4 more ... | StorageLocation'.
132:components/shared/config/ERPConfigurationModuleComplete.tsx(541,116): error TS2339: Property 'plant_id' does not exist on type 'MaterialGroup | VendorCategory | PaymentTerm | UOMGroup | MaterialStatus | GLAccount | ... 4 more ... | StorageLocation'.
133:components/shared/config/ERPConfigurationModuleComplete.tsx(547,112): error TS2339: Property 'location_type' does not exist on type 'MaterialGroup | VendorCategory | PaymentTerm | UOMGroup | MaterialStatus | GLAccount | ... 4 more ... | StorageLocation'.
134:components/shared/config/ERPConfigurationModuleComplete.tsx(558,96): error TS2339: Property 'category_code' does not exist on type 'MaterialGroup | VendorCategory | PaymentTerm | UOMGroup | MaterialStatus | GLAccount | ... 4 more ... | StorageLocation'.
135:components/shared/config/ERPConfigurationModuleComplete.tsx(559,96): error TS2339: Property 'category_name' does not exist on type 'MaterialGroup | VendorCategory | PaymentTerm | UOMGroup | MaterialStatus | GLAccount | ... 4 more ... | StorageLocation'.
136:components/shared/config/ERPConfigurationModuleComplete.tsx(560,92): error TS2339: Property 'description' does not exist on type 'MaterialGroup | VendorCategory | PaymentTerm | UOMGroup | MaterialStatus | GLAccount | ... 4 more ... | StorageLocation'.
137:components/shared/config/ERPConfigurationModuleComplete.tsx(566,94): error TS2339: Property 'account_code' does not exist on type 'MaterialGroup | VendorCategory | PaymentTerm | UOMGroup | MaterialStatus | GLAccount | ... 4 more ... | StorageLocation'.
138:components/shared/config/ERPConfigurationModuleComplete.tsx(567,94): error TS2339: Property 'account_name' does not exist on type 'MaterialGroup | VendorCategory | PaymentTerm | UOMGroup | MaterialStatus | GLAccount | ... 4 more ... | StorageLocation'.
139:components/shared/config/ERPConfigurationModuleComplete.tsx(568,120): error TS2339: Property 'account_type' does not exist on type 'MaterialGroup | VendorCategory | PaymentTerm | UOMGroup | MaterialStatus | GLAccount | ... 4 more ... | StorageLocation'.
140:components/shared/config/ERPConfigurationModuleComplete.tsx(577,95): error TS2339: Property 'description' does not exist on type 'MaterialGroup | VendorCategory | PaymentTerm | UOMGroup | MaterialStatus | GLAccount | ... 4 more ... | StorageLocation'.
141:components/shared/config/ERPConfigurationModuleComplete.tsx(583,90): error TS2339: Property 'class_code' does not exist on type 'MaterialGroup | VendorCategory | PaymentTerm | UOMGroup | MaterialStatus | GLAccount | ... 4 more ... | StorageLocation'.
142:components/shared/config/ERPConfigurationModuleComplete.tsx(584,90): error TS2339: Property 'class_name' does not exist on type 'MaterialGroup | VendorCategory | PaymentTerm | UOMGroup | MaterialStatus | GLAccount | ... 4 more ... | StorageLocation'.
143:components/shared/config/ERPConfigurationModuleComplete.tsx(585,95): error TS2339: Property 'description' does not exist on type 'MaterialGroup | VendorCategory | PaymentTerm | UOMGroup | MaterialStatus | GLAccount | ... 4 more ... | StorageLocation'.
144:components/shared/config/ERPConfigurationModuleComplete.tsx(591,96): error TS2339: Property 'movement_type' does not exist on type 'MaterialGroup | VendorCategory | PaymentTerm | UOMGroup | MaterialStatus | GLAccount | ... 4 more ... | StorageLocation'.
145:components/shared/config/ERPConfigurationModuleComplete.tsx(592,96): error TS2339: Property 'movement_name' does not exist on type 'MaterialGroup | VendorCategory | PaymentTerm | UOMGroup | MaterialStatus | GLAccount | ... 4 more ... | StorageLocation'.
146:components/shared/config/ERPConfigurationModuleComplete.tsx(593,126): error TS2339: Property 'movement_indicator' does not exist on type 'MaterialGroup | VendorCategory | PaymentTerm | UOMGroup | MaterialStatus | GLAccount | ... 4 more ... | StorageLocation'.
147:components/shared/config/ERPConfigurationModuleComplete.tsx(599,95): error TS2339: Property 'description' does not exist on type 'MaterialGroup | VendorCategory | PaymentTerm | UOMGroup | MaterialStatus | GLAccount | ... 4 more ... | StorageLocation'.
148:components/shared/config/ERPConfigurationModuleComplete.tsx(605,88): error TS2339: Property 'term_code' does not exist on type 'MaterialGroup | VendorCategory | PaymentTerm | UOMGroup | MaterialStatus | GLAccount | ... 4 more ... | StorageLocation'.
149:components/shared/config/ERPConfigurationModuleComplete.tsx(606,88): error TS2339: Property 'term_name' does not exist on type 'MaterialGroup | VendorCategory | PaymentTerm | UOMGroup | MaterialStatus | GLAccount | ... 4 more ... | StorageLocation'.
150:components/shared/config/ERPConfigurationModuleComplete.tsx(607,100): error TS2339: Property 'net_days' does not exist on type 'MaterialGroup | VendorCategory | PaymentTerm | UOMGroup | MaterialStatus | GLAccount | ... 4 more ... | StorageLocation'.
151:components/shared/config/ERPConfigurationModuleComplete.tsx(608,110): error TS2339: Property 'discount_days' does not exist on type 'MaterialGroup | VendorCategory | PaymentTerm | UOMGroup | MaterialStatus | GLAccount | ... 4 more ... | StorageLocation'.
152:components/shared/config/ERPConfigurationModuleComplete.tsx(609,122): error TS2339: Property 'discount_percent' does not exist on type 'MaterialGroup | VendorCategory | PaymentTerm | UOMGroup | MaterialStatus | GLAccount | ... 4 more ... | StorageLocation'.
153:components/shared/config/ERPConfigurationModuleComplete.tsx(615,92): error TS2339: Property 'status_code' does not exist on type 'MaterialGroup | VendorCategory | PaymentTerm | UOMGroup | MaterialStatus | GLAccount | ... 4 more ... | StorageLocation'.
154:components/shared/config/ERPConfigurationModuleComplete.tsx(616,92): error TS2339: Property 'status_name' does not exist on type 'MaterialGroup | VendorCategory | PaymentTerm | UOMGroup | MaterialStatus | GLAccount | ... 4 more ... | StorageLocation'.
155:components/shared/config/ERPConfigurationModuleComplete.tsx(619,94): error TS2339: Property 'allow_procurement' does not exist on type 'MaterialGroup | VendorCategory | PaymentTerm | UOMGroup | MaterialStatus | GLAccount | ... 4 more ... | StorageLocation'.
156:components/shared/config/ERPConfigurationModuleComplete.tsx(623,94): error TS2339: Property 'allow_consumption' does not exist on type 'MaterialGroup | VendorCategory | PaymentTerm | UOMGroup | MaterialStatus | GLAccount | ... 4 more ... | StorageLocation'.
157:components/shared/config/ERPConfigurationModuleComplete.tsx(632,86): error TS2339: Property 'base_uom' does not exist on type 'MaterialGroup | VendorCategory | PaymentTerm | UOMGroup | MaterialStatus | GLAccount | ... 4 more ... | StorageLocation'.
158:components/shared/config/ERPConfigurationModuleComplete.tsx(633,86): error TS2339: Property 'uom_name' does not exist on type 'MaterialGroup | VendorCategory | PaymentTerm | UOMGroup | MaterialStatus | GLAccount | ... 4 more ... | StorageLocation'.
159:components/shared/config/ERPConfigurationModuleComplete.tsx(634,108): error TS2339: Property 'dimension' does not exist on type 'MaterialGroup | VendorCategory | PaymentTerm | UOMGroup | MaterialStatus | GLAccount | ... 4 more ... | StorageLocation'.
160:components/shared/config/ERPConfigurationModuleComplete.tsx(648,90): error TS2339: Property 'group_code' does not exist on type 'MaterialGroup | VendorCategory | PaymentTerm | UOMGroup | MaterialStatus | GLAccount | ... 4 more ... | StorageLocation'.
161:components/shared/config/ERPConfigurationModuleComplete.tsx(649,90): error TS2339: Property 'group_name' does not exist on type 'MaterialGroup | VendorCategory | PaymentTerm | UOMGroup | MaterialStatus | GLAccount | ... 4 more ... | StorageLocation'.
162:components/shared/config/ERPConfigurationModuleComplete.tsx(650,92): error TS2339: Property 'description' does not exist on type 'MaterialGroup | VendorCategory | PaymentTerm | UOMGroup | MaterialStatus | GLAccount | ... 4 more ... | StorageLocation'.
163:components/shared/config/ERPConfigurationModuleComplete.tsx(688,15): error TS2322: Type 'boolean' is not assignable to type 'FormDataEntryValue'.
164:components/shared/config/ERPConfigurationModuleComplete.tsx(689,15): error TS2322: Type 'boolean' is not assignable to type 'FormDataEntryValue'.
165:components/shared/config/ERPConfigurationModuleComplete.tsx(694,15): error TS2322: Type 'number' is not assignable to type 'FormDataEntryValue'.
166:components/shared/config/ERPConfigurationModuleComplete.tsx(695,15): error TS2322: Type 'number' is not assignable to type 'FormDataEntryValue'.
167:components/shared/config/ERPConfigurationModuleComplete.tsx(696,15): error TS2322: Type 'number' is not assignable to type 'FormDataEntryValue'.
168:components/shared/config/ERPConfigurationModuleComplete.tsx(699,13): error TS2322: Type 'boolean' is not assignable to type 'FormDataEntryValue'.
169:components/shared/config/SAPConfig.tsx(132,25): error TS2322: Type '{ className: string; }' is not assignable to type 'IntrinsicAttributes'.
170:components/shared/config/SAPConfig.tsx(220,27): error TS2322: Type '{ className: string; }' is not assignable to type 'IntrinsicAttributes'.
171:components/shared/config/SAPConfig.tsx(660,15): error TS2769: No overload matches this call.
172:components/shared/config/SAPConfig.tsx(1571,35): error TS2339: Property 'is_active' does not exist on type '{}'.
173:components/shared/permissions/PermissionComponents.tsx(21,41): error TS2345: Argument of type 'import("c:/Projects/Construction_App/lib/permissions/types").Module' is not assignable to parameter of type 'import("c:/Projects/Construction_App/components/shared/permissions/types").Module'.
174:components/shared/permissions/PermissionComponents.tsx(50,41): error TS2345: Argument of type 'import("c:/Projects/Construction_App/lib/permissions/types").Module' is not assignable to parameter of type 'import("c:/Projects/Construction_App/components/shared/permissions/types").Module'.
175:components/shared/permissions/PermissionComponents.tsx(73,34): error TS2345: Argument of type 'import("c:/Projects/Construction_App/lib/permissions/types").Module' is not assignable to parameter of type 'import("c:/Projects/Construction_App/components/shared/permissions/types").Module'.
176:components/shared/permissions/PermissionComponents.tsx(81,34): error TS2345: Argument of type 'import("c:/Projects/Construction_App/lib/permissions/types").Module' is not assignable to parameter of type 'import("c:/Projects/Construction_App/components/shared/permissions/types").Module'.
177:components/shared/permissions/PermissionComponents.tsx(89,36): error TS2345: Argument of type 'import("c:/Projects/Construction_App/lib/permissions/types").Module' is not assignable to parameter of type 'import("c:/Projects/Construction_App/components/shared/permissions/types").Module'.
178:components/shared/permissions/PermissionGuard.tsx(16,24): error TS2345: Argument of type 'import("c:/Projects/Construction_App/lib/permissions/types").Module' is not assignable to parameter of type 'import("c:/Projects/Construction_App/components/shared/permissions/types").Module'.
179:components/shared/permissions/PermissionGuard.tsx(39,64): error TS2345: Argument of type 'import("c:/Projects/Construction_App/lib/permissions/types").Module' is not assignable to parameter of type 'import("c:/Projects/Construction_App/components/shared/permissions/types").Module'.
180:components/shared/permissions/PermissionGuard.tsx(40,63): error TS2345: Argument of type 'import("c:/Projects/Construction_App/lib/permissions/types").Module' is not assignable to parameter of type 'import("c:/Projects/Construction_App/components/shared/permissions/types").Module'.
181:components/ui/feedback/LazyWrapper.tsx(2,39): error TS2307: Cannot find module '../contexts/DataPreloaderContext' or its corresponding type declarations.
182:components/ui/feedback/LazyWrapper.tsx(37,8): error TS2322: Type 'PropsWithoutRef<ComponentProps<T>> & { ref: ForwardedRef<any>; }' is not assignable to type 'IntrinsicAttributes & (T extends MemoExoticComponent<infer U extends ComponentType<any>> | LazyExoticComponent<infer U extends ComponentType<...>> ? ReactManagedAttributes<...> : ReactManagedAttributes<...>)'.
183:components/ui/forms/EnhancedPOForm.tsx(2,58): error TS2307: Cannot find module '@/components/ui/card' or its corresponding type declarations.
184:components/ui/forms/EnhancedPOForm.tsx(176,32): error TS2322: Type '{ placeholder: string; }' is not assignable to type 'IntrinsicAttributes & { children?: ReactNode; }'.
185:components/ui/forms/EnhancedPOForm.tsx(191,32): error TS2322: Type '{ placeholder: string; }' is not assignable to type 'IntrinsicAttributes & { children?: ReactNode; }'.
186:components/ui/forms/EnhancedPOForm.tsx(206,32): error TS2322: Type '{ placeholder: string; }' is not assignable to type 'IntrinsicAttributes & { children?: ReactNode; }'.
187:components/ui/forms/EnhancedPOForm.tsx(241,38): error TS2322: Type '{ placeholder: string; }' is not assignable to type 'IntrinsicAttributes & { children?: ReactNode; }'.
188:components/ui/forms/EnhancedPOForm.tsx(310,21): error TS2322: Type '{ children: string; variant: string; }' is not assignable to type 'IntrinsicAttributes & ButtonProps & RefAttributes<HTMLButtonElement>'.
189:components/ui/tables/BOQList.tsx(4,58): error TS2307: Cannot find module '@/components/ui/card' or its corresponding type declarations.
190:components/ui/tables/BOQList.tsx(5,23): error TS2307: Cannot find module '@/components/ui/badge' or its corresponding type declarations.
191:components/ui/tables/BOQList.tsx(8,79): error TS2307: Cannot find module '@/components/ui/table' or its corresponding type declarations.
192:components/ui/tables/BOQList.tsx(178,19): error TS2322: Type '{ children: (string | Element)[]; variant: string; }' is not assignable to type 'IntrinsicAttributes & ButtonProps & RefAttributes<HTMLButtonElement>'.
193:components/ui/tables/BOQList.tsx(200,26): error TS2322: Type '{ children: Element; className: string; }' is not assignable to type 'IntrinsicAttributes & { children?: ReactNode; }'.
194:components/ui/tables/BOQList.tsx(201,26): error TS2322: Type '{ placeholder: string; }' is not assignable to type 'IntrinsicAttributes & { children?: ReactNode; }'.
195:components/ui/tables/BOQList.tsx(278,31): error TS2322: Type '{ children: Element; variant: string; size: string; }' is not assignable to type 'IntrinsicAttributes & ButtonProps & RefAttributes<HTMLButtonElement>'.
196:components/ui/tables/BOQList.tsx(281,31): error TS2322: Type '{ children: Element; variant: string; size: string; className: string; }' is not assignable to type 'IntrinsicAttributes & ButtonProps & RefAttributes<HTMLButtonElement>'.
197:components/ui/tables/ProjectList.tsx(3,10): error TS2300: Duplicate identifier 'useState'.
198:components/ui/tables/ProjectList.tsx(3,20): error TS2300: Duplicate identifier 'useEffect'.
199:components/ui/tables/ProjectList.tsx(4,58): error TS2307: Cannot find module '@/components/ui/card' or its corresponding type declarations.
200:components/ui/tables/ProjectList.tsx(5,23): error TS2307: Cannot find module '@/components/ui/badge' or its corresponding type declarations.
201:components/ui/tables/ProjectList.tsx(10,10): error TS2300: Duplicate identifier 'useState'.
202:components/ui/tables/ProjectList.tsx(10,20): error TS2300: Duplicate identifier 'useEffect'.
203:components/ui/tables/ProjectList.tsx(124,26): error TS2322: Type '{ children: Element; className: string; }' is not assignable to type 'IntrinsicAttributes & { children?: ReactNode; }'.
204:components/ui/tables/ProjectList.tsx(125,26): error TS2322: Type '{ placeholder: string; }' is not assignable to type 'IntrinsicAttributes & { children?: ReactNode; }'.
205:domains/accountAssignmentServices.ts(1,36): error TS2307: Cannot find module '../../database/DatabaseConnection' or its corresponding type declarations.
206:domains/activities/activityServices.ts(10,26): error TS2345: Argument of type 'string' is not assignable to parameter of type '("wbs_element" extends keyof (Omit<Database, "__InternalSupabase">[("public" extends Exclude<keyof Database, "__InternalSupabase"> ? "public" : string & Exclude<...>) extends "public" ? "public" & ("public" extends Exclude<...> ? "public" : string & Exclude<...>) : "public"] extends GenericSchema ? Omit<...>[("publi...'.
207:domains/activities/activityServices.ts(23,27): error TS2345: Argument of type 'string' is not assignable to parameter of type '("project_code" extends keyof (Omit<Database, "__InternalSupabase">[("public" extends Exclude<keyof Database, "__InternalSupabase"> ? "public" : string & Exclude<...>) extends "public" ? "public" & ("public" extends Exclude<...> ? "public" : string & Exclude<...>) : "public"] extends GenericSchema ? Omit<...>[("publ...'.
208:domains/administration/numberRangeRepository.ts(1,26): error TS2307: Cannot find module '../config/supabase' or its corresponding type declarations.
209:domains/administration/numberRangeRepository.ts(2,70): error TS2307: Cannot find module '../domains/finance/NumberRangeService' or its corresponding type declarations.
210:domains/administration/numberRangeRepository.ts(147,5): error TS2322: Type 'unknown[]' is not assignable to type 'string[]'.
211:domains/administration/numberRangeRepository.ts(164,5): error TS2322: Type 'unknown[]' is not assignable to type 'string[]'.
212:domains/administration/roleService.ts(37,5): error TS2322: Type 'GetResult<Omit<Database, "__InternalSupabase">[("public" extends Exclude<keyof Database, "__InternalSupabase"> ? "public" : string & Exclude<keyof Database, "__InternalSupabase">) extends "public" ? "public" & ("public" extends Exclude<...> ? "public" : string & Exclude<...>) : "public"] extends GenericSchema ? Omit...' is not assignable to type 'Role[]'.
213:domains/administration/roleService.ts(44,15): error TS2769: No overload matches this call.
214:domains/administration/roleService.ts(49,5): error TS2322: Type 'SelectQueryError<"Processing node failed."> | SelectQueryError<"Could not retrieve a valid record or error value">' is not assignable to type 'Role'.
215:domains/administration/roleService.ts(56,15): error TS2345: Argument of type 'Partial<Role>' is not assignable to parameter of type '(Omit<Database, "__InternalSupabase">[("public" extends Exclude<keyof Database, "__InternalSupabase"> ? "public" : string & Exclude<keyof Database, "__InternalSupabase">) extends "public" ? "public" & ("public" extends Exclude<...> ? "public" : string & Exclude<...>) : "public"] extends GenericSchema ? Omit<...>[("p...'.
216:domains/administration/roleService.ts(57,17): error TS2345: Argument of type 'string' is not assignable to parameter of type '("id" extends keyof (Omit<Database, "__InternalSupabase">[("public" extends Exclude<keyof Database, "__InternalSupabase"> ? "public" : string & Exclude<...>) extends "public" ? "public" & ("public" extends Exclude<...> ? "public" : string & Exclude<...>) : "public"] extends GenericSchema ? Omit<...>[("public" extend...'.
217:domains/administration/roleService.ts(62,5): error TS2322: Type 'SelectQueryError<"Processing node failed."> | SelectQueryError<"Could not retrieve a valid record or error value">' is not assignable to type 'Role'.
218:domains/administration/roleService.ts(70,17): error TS2345: Argument of type 'string' is not assignable to parameter of type '("id" extends keyof (Omit<Database, "__InternalSupabase">[("public" extends Exclude<keyof Database, "__InternalSupabase"> ? "public" : string & Exclude<...>) extends "public" ? "public" & ("public" extends Exclude<...> ? "public" : string & Exclude<...>) : "public"] extends GenericSchema ? Omit<...>[("public" extend...'.
219:domains/administration/userService.ts(45,7): error TS2698: Spread types may only be created from object types.
220:domains/administration/userService.ts(46,38): error TS2339: Property 'id' does not exist on type 'SelectQueryError<"Processing node failed."> | SelectQueryError<"Could not retrieve a valid record or error value">'.
221:domains/administration/userService.ts(46,50): error TS2339: Property 'role_id' does not exist on type 'SelectQueryError<"Processing node failed."> | SelectQueryError<"Could not retrieve a valid record or error value">'.
222:domains/administration/userService.ts(66,24): error TS2345: Argument of type 'boolean' is not assignable to parameter of type '("is_active" extends keyof (Omit<Database, "__InternalSupabase">[("public" extends Exclude<keyof Database, "__InternalSupabase"> ? "public" : string & Exclude<...>) extends "public" ? "public" & ("public" extends Exclude<...> ? "public" : string & Exclude<...>) : "public"] extends GenericSchema ? Omit<...>[("public"...'.
223:domains/administration/userService.ts(85,8): error TS2769: No overload matches this call.
224:domains/administration/userService.ts(106,15): error TS2345: Argument of type '{ first_name: string; last_name: string; employee_code: string; department: string; role_id: string; is_active: boolean; }' is not assignable to parameter of type '(Omit<Database, "__InternalSupabase">[("public" extends Exclude<keyof Database, "__InternalSupabase"> ? "public" : string & Exclude<keyof Database, "__InternalSupabase">) extends "public" ? "public" & ("public" extends Exclude<...> ? "public" : string & Exclude<...>) : "public"] extends GenericSchema ? Omit<...>[("p...'.
225:domains/administration/userService.ts(114,17): error TS2345: Argument of type 'string' is not assignable to parameter of type '("id" extends keyof (Omit<Database, "__InternalSupabase">[("public" extends Exclude<keyof Database, "__InternalSupabase"> ? "public" : string & Exclude<...>) extends "public" ? "public" & ("public" extends Exclude<...> ? "public" : string & Exclude<...>) : "public"] extends GenericSchema ? Omit<...>[("public" extend...'.
226:domains/administration/userService.ts(126,15): error TS2345: Argument of type '{ is_active: false; }' is not assignable to parameter of type '(Omit<Database, "__InternalSupabase">[("public" extends Exclude<keyof Database, "__InternalSupabase"> ? "public" : string & Exclude<keyof Database, "__InternalSupabase">) extends "public" ? "public" & ("public" extends Exclude<...> ? "public" : string & Exclude<...>) : "public"] extends GenericSchema ? Omit<...>[("p...'.
227:domains/administration/userService.ts(127,17): error TS2345: Argument of type 'string' is not assignable to parameter of type '("id" extends keyof (Omit<Database, "__InternalSupabase">[("public" extends Exclude<keyof Database, "__InternalSupabase"> ? "public" : string & Exclude<...>) extends "public" ? "public" & ("public" extends Exclude<...> ? "public" : string & Exclude<...>) : "public"] extends GenericSchema ? Omit<...>[("public" extend...'.
228:domains/administration/userService.ts(139,15): error TS2345: Argument of type '{ role_id: string; }' is not assignable to parameter of type '(Omit<Database, "__InternalSupabase">[("public" extends Exclude<keyof Database, "__InternalSupabase"> ? "public" : string & Exclude<keyof Database, "__InternalSupabase">) extends "public" ? "public" & ("public" extends Exclude<...> ? "public" : string & Exclude<...>) : "public"] extends GenericSchema ? Omit<...>[("p...'.
229:domains/administration/userService.ts(140,17): error TS2345: Argument of type 'string' is not assignable to parameter of type '("id" extends keyof (Omit<Database, "__InternalSupabase">[("public" extends Exclude<keyof Database, "__InternalSupabase"> ? "public" : string & Exclude<...>) extends "public" ? "public" & ("public" extends Exclude<...> ? "public" : string & Exclude<...>) : "public"] extends GenericSchema ? Omit<...>[("public" extend...'.
230:domains/administration/userService.ts(152,15): error TS2345: Argument of type '{ role_id: null; }' is not assignable to parameter of type '(Omit<Database, "__InternalSupabase">[("public" extends Exclude<keyof Database, "__InternalSupabase"> ? "public" : string & Exclude<keyof Database, "__InternalSupabase">) extends "public" ? "public" & ("public" extends Exclude<...> ? "public" : string & Exclude<...>) : "public"] extends GenericSchema ? Omit<...>[("p...'.
231:domains/administration/userService.ts(153,17): error TS2345: Argument of type 'string' is not assignable to parameter of type '("id" extends keyof (Omit<Database, "__InternalSupabase">[("public" extends Exclude<keyof Database, "__InternalSupabase"> ? "public" : string & Exclude<...>) extends "public" ? "public" & ("public" extends Exclude<...> ? "public" : string & Exclude<...>) : "public"] extends GenericSchema ? Omit<...>[("public" extend...'.
232:domains/approval/ApprovalService.ts(91,22): error TS2304: Cannot find name 'customerId'.
233:domains/approval/ApprovalService.ts(118,67): error TS2552: Cannot find name 'CUSTOMER_ID'. Did you mean 'customerId'?
234:domains/approval/ApprovalService.ts(126,69): error TS2552: Cannot find name 'CUSTOMER_ID'. Did you mean 'customerId'?
235:domains/approval/ApprovalService.ts(461,17): error TS2345: Argument of type '{ step: number; approver_role: any; level_name: string; approval_limit: any; required: true; }' is not assignable to parameter of type '{ step: number; approver_role: any; level_name: string; approval_limit: any; department: any; plant: any; required: boolean; }'.
236:domains/approval/enhancedApprovalRepository.ts(197,48): error TS2339: Property 'object_category' does not exist on type '{ object_category: any; }[]'.
237:domains/approval/EnhancedApprovalService.ts(16,51): error TS2551: Property 'getObjectType' does not exist on type 'typeof ApprovalRepository'. Did you mean 'getObjectTypes'?
238:domains/approval/SAPAlignedApprovalService.ts(146,37): error TS2552: Cannot find name 'SAPWorkflowRepository'. Did you mean 'WorkflowRepository'?
239:domains/approval/SAPAlignedApprovalService.ts(152,27): error TS2552: Cannot find name 'SAPWorkflowRepository'. Did you mean 'WorkflowRepository'?
240:domains/approval/SAPAlignedApprovalService.ts(162,15): error TS2552: Cannot find name 'SAPWorkflowRepository'. Did you mean 'WorkflowRepository'?
241:domains/approval/SAPAlignedApprovalService.ts(213,29): error TS2304: Cannot find name 'SAPWorkflowRepository'.
242:domains/approval/SAPAlignedApprovalService.ts(233,35): error TS2304: Cannot find name 'SAPWorkflowRepository'.
243:domains/approval/SAPAlignedApprovalService.ts(255,36): error TS2304: Cannot find name 'SAPWorkflowRepository'.
244:domains/approval/SAPAlignedApprovalService.ts(270,31): error TS2552: Cannot find name 'SAPWorkflowRepository'. Did you mean 'WorkflowRepository'?
245:domains/approval/SAPAlignedApprovalService.ts(287,31): error TS2552: Cannot find name 'SAPWorkflowRepository'. Did you mean 'WorkflowRepository'?
246:domains/approval/SAPAlignedApprovalService.ts(309,34): error TS2304: Cannot find name 'SAPWorkflowRepository'.
247:domains/approval/SAPAlignedApprovalService.ts(334,35): error TS2304: Cannot find name 'SAPWorkflowRepository'.
248:domains/approval/SAPAlignedApprovalService.ts(362,37): error TS2304: Cannot find name 'SAPWorkflowRepository'.
249:domains/approval/SAPAlignedApprovalService.ts(370,27): error TS2304: Cannot find name 'SAPWorkflowRepository'.
250:domains/approval/SAPAlignedApprovalService.ts(375,15): error TS2304: Cannot find name 'SAPWorkflowRepository'.
251:domains/approval/SAPAlignedApprovalService.ts(382,15): error TS2304: Cannot find name 'SAPWorkflowRepository'.
252:domains/approval/SAPParallelApprovalService.ts(4,10): error TS2305: Module '"@/lib/supabase/server"' has no exported member 'createServerSupabaseClient'.
253:domains/approval/SAPParallelApprovalService.ts(46,32): error TS2339: Property 'resolveAgent' does not exist on type 'typeof SAPParallelApprovalService'.
254:domains/approval/SAPParallelApprovalService.ts(216,20): error TS2339: Property 'initializeNextStep' does not exist on type 'typeof SAPParallelApprovalService'.
255:domains/controlling/controllingServices.ts(7,6): error TS2339: Property 'from' does not exist on type 'Promise<SupabaseClient<Database, "public" extends Exclude<keyof Database, "__InternalSupabase"> ? "public" : string & Exclude<keyof Database, "__InternalSupabase">, ("public" extends Exclude<...> ? "public" : string & Exclude<...>) extends "public" ? "public" & ("public" extends Exclude<...> ? "public" : string & Ex...'.
256:domains/controlling/controllingServices.ts(22,6): error TS2339: Property 'from' does not exist on type 'Promise<SupabaseClient<Database, "public" extends Exclude<keyof Database, "__InternalSupabase"> ? "public" : string & Exclude<keyof Database, "__InternalSupabase">, ("public" extends Exclude<...> ? "public" : string & Exclude<...>) extends "public" ? "public" & ("public" extends Exclude<...> ? "public" : string & Ex...'.
257:domains/controlling/controllingServices.ts(35,6): error TS2339: Property 'from' does not exist on type 'Promise<SupabaseClient<Database, "public" extends Exclude<keyof Database, "__InternalSupabase"> ? "public" : string & Exclude<keyof Database, "__InternalSupabase">, ("public" extends Exclude<...> ? "public" : string & Exclude<...>) extends "public" ? "public" & ("public" extends Exclude<...> ? "public" : string & Ex...'.
258:domains/currency/consolidationService.ts(38,6): error TS2339: Property 'from' does not exist on type 'Promise<SupabaseClient<Database, "public" extends Exclude<keyof Database, "__InternalSupabase"> ? "public" : string & Exclude<keyof Database, "__InternalSupabase">, ("public" extends Exclude<...> ? "public" : string & Exclude<...>) extends "public" ? "public" & ("public" extends Exclude<...> ? "public" : string & Ex...'.
259:domains/currency/consolidationService.ts(48,6): error TS2339: Property 'from' does not exist on type 'Promise<SupabaseClient<Database, "public" extends Exclude<keyof Database, "__InternalSupabase"> ? "public" : string & Exclude<keyof Database, "__InternalSupabase">, ("public" extends Exclude<...> ? "public" : string & Exclude<...>) extends "public" ? "public" & ("public" extends Exclude<...> ? "public" : string & Ex...'.
260:domains/currency/consolidationService.ts(74,10): error TS2339: Property 'from' does not exist on type 'Promise<SupabaseClient<Database, "public" extends Exclude<keyof Database, "__InternalSupabase"> ? "public" : string & Exclude<keyof Database, "__InternalSupabase">, ("public" extends Exclude<...> ? "public" : string & Exclude<...>) extends "public" ? "public" & ("public" extends Exclude<...> ? "public" : string & Ex...'.
261:domains/currency/consolidationService.ts(141,10): error TS2339: Property 'from' does not exist on type 'Promise<SupabaseClient<Database, "public" extends Exclude<keyof Database, "__InternalSupabase"> ? "public" : string & Exclude<keyof Database, "__InternalSupabase">, ("public" extends Exclude<...> ? "public" : string & Exclude<...>) extends "public" ? "public" & ("public" extends Exclude<...> ? "public" : string & Ex...'.
262:domains/currency/consolidationService.ts(150,10): error TS2339: Property 'from' does not exist on type 'Promise<SupabaseClient<Database, "public" extends Exclude<keyof Database, "__InternalSupabase"> ? "public" : string & Exclude<keyof Database, "__InternalSupabase">, ("public" extends Exclude<...> ? "public" : string & Exclude<...>) extends "public" ? "public" & ("public" extends Exclude<...> ? "public" : string & Ex...'.
263:domains/currency/currencyService.ts(37,6): error TS2339: Property 'from' does not exist on type 'Promise<SupabaseClient<Database, "public" extends Exclude<keyof Database, "__InternalSupabase"> ? "public" : string & Exclude<keyof Database, "__InternalSupabase">, ("public" extends Exclude<...> ? "public" : string & Exclude<...>) extends "public" ? "public" & ("public" extends Exclude<...> ? "public" : string & Ex...'.
264:domains/currency/currencyService.ts(62,6): error TS2339: Property 'from' does not exist on type 'Promise<SupabaseClient<Database, "public" extends Exclude<keyof Database, "__InternalSupabase"> ? "public" : string & Exclude<keyof Database, "__InternalSupabase">, ("public" extends Exclude<...> ? "public" : string & Exclude<...>) extends "public" ? "public" & ("public" extends Exclude<...> ? "public" : string & Ex...'.
265:domains/currency/currencyService.ts(75,6): error TS2339: Property 'from' does not exist on type 'Promise<SupabaseClient<Database, "public" extends Exclude<keyof Database, "__InternalSupabase"> ? "public" : string & Exclude<keyof Database, "__InternalSupabase">, ("public" extends Exclude<...> ? "public" : string & Exclude<...>) extends "public" ? "public" & ("public" extends Exclude<...> ? "public" : string & Ex...'.
266:domains/currency/currencyService.ts(117,6): error TS2339: Property 'from' does not exist on type 'Promise<SupabaseClient<Database, "public" extends Exclude<keyof Database, "__InternalSupabase"> ? "public" : string & Exclude<keyof Database, "__InternalSupabase">, ("public" extends Exclude<...> ? "public" : string & Exclude<...>) extends "public" ? "public" & ("public" extends Exclude<...> ? "public" : string & Ex...'.
267:domains/currency/currencyService.ts(130,6): error TS2339: Property 'from' does not exist on type 'Promise<SupabaseClient<Database, "public" extends Exclude<keyof Database, "__InternalSupabase"> ? "public" : string & Exclude<keyof Database, "__InternalSupabase">, ("public" extends Exclude<...> ? "public" : string & Exclude<...>) extends "public" ? "public" & ("public" extends Exclude<...> ? "public" : string & Ex...'.
268:domains/currency/currencyService.ts(157,6): error TS2339: Property 'from' does not exist on type 'Promise<SupabaseClient<Database, "public" extends Exclude<keyof Database, "__InternalSupabase"> ? "public" : string & Exclude<keyof Database, "__InternalSupabase">, ("public" extends Exclude<...> ? "public" : string & Exclude<...>) extends "public" ? "public" & ("public" extends Exclude<...> ? "public" : string & Ex...'.
269:domains/currency/currencyService.ts(199,36): error TS2339: Property 'rpc' does not exist on type 'Promise<SupabaseClient<Database, "public" extends Exclude<keyof Database, "__InternalSupabase"> ? "public" : string & Exclude<keyof Database, "__InternalSupabase">, ("public" extends Exclude<...> ? "public" : string & Exclude<...>) extends "public" ? "public" & ("public" extends Exclude<...> ? "public" : string & Ex...'.
270:domains/finance/createGLPosting.ts(39,6): error TS2339: Property 'from' does not exist on type 'Promise<SupabaseClient<Database, "public" extends Exclude<keyof Database, "__InternalSupabase"> ? "public" : string & Exclude<keyof Database, "__InternalSupabase">, ("public" extends Exclude<...> ? "public" : string & Exclude<...>) extends "public" ? "public" & ("public" extends Exclude<...> ? "public" : string & Ex...'.
271:domains/finance/createGLPosting.ts(68,8): error TS2339: Property 'from' does not exist on type 'Promise<SupabaseClient<Database, "public" extends Exclude<keyof Database, "__InternalSupabase"> ? "public" : string & Exclude<keyof Database, "__InternalSupabase">, ("public" extends Exclude<...> ? "public" : string & Exclude<...>) extends "public" ? "public" & ("public" extends Exclude<...> ? "public" : string & Ex...'.
272:domains/finance/createGLPosting.ts(81,6): error TS2339: Property 'from' does not exist on type 'Promise<SupabaseClient<Database, "public" extends Exclude<keyof Database, "__InternalSupabase"> ? "public" : string & Exclude<keyof Database, "__InternalSupabase">, ("public" extends Exclude<...> ? "public" : string & Exclude<...>) extends "public" ? "public" & ("public" extends Exclude<...> ? "public" : string & Ex...'.
273:domains/finance/EnhancedNumberRangeService.ts(26,44): error TS2339: Property 'getNextNumberWithTenant' does not exist on type 'NumberRangeRepository'.
274:domains/finance/EnhancedNumberRangeService.ts(43,28): error TS2339: Property 'validateUserCompanyAccess' does not exist on type 'NumberRangeRepository'.
275:domains/finance/financeRepository.ts(152,50): error TS2339: Property 'debit_amount' does not exist on type 'GLEntry'.
276:domains/finance/financeRepository.ts(153,70): error TS2339: Property 'debit_amount' does not exist on type 'GLEntry'.
277:domains/finance/financeRepository.ts(153,95): error TS2339: Property 'credit_amount' does not exist on type 'GLEntry'.
278:domains/finance/ModernFinanceEngine.ts(80,23): error TS2304: Cannot find name 'FinanceEngineRepository'.
279:domains/finance/ModernFinanceEngine.ts(83,27): error TS2304: Cannot find name 'FinanceEngineRepository'.
280:domains/inventory/inventoryServices.ts(16,42): error TS2339: Property 'rpc' does not exist on type 'Promise<SupabaseClient<Database, "public" extends Exclude<keyof Database, "__InternalSupabase"> ? "public" : string & Exclude<keyof Database, "__InternalSupabase">, ("public" extends Exclude<...> ? "public" : string & Exclude<...>) extends "public" ? "public" & ("public" extends Exclude<...> ? "public" : string & Ex...'.
281:domains/inventory/inventoryServices.ts(34,42): error TS2339: Property 'rpc' does not exist on type 'Promise<SupabaseClient<Database, "public" extends Exclude<keyof Database, "__InternalSupabase"> ? "public" : string & Exclude<keyof Database, "__InternalSupabase">, ("public" extends Exclude<...> ? "public" : string & Exclude<...>) extends "public" ? "public" & ("public" extends Exclude<...> ? "public" : string & Ex...'.
282:domains/materials/flexibleApprovalService.ts(54,31): error TS2322: Type '{ created_at: string; created_by: string; customer_type: string; description: string; id: string; industry_type: string; is_active: boolean; is_public: boolean; template_name: string; updated_at: string; usage_count: number; }[]' is not assignable to type 'ApprovalTemplate[]'.
283:domains/materials/flexibleApprovalService.ts(98,31): error TS2322: Type '{ amount_threshold_max: number; amount_threshold_min: number; approval_type: string; approver_role: string; approver_user_id: string; can_delegate: boolean; created_at: string; customer_id: string; ... 12 more ...; updated_at: string; }[]' is not assignable to type 'ApprovalLevel[]'.
284:domains/materials/flexibleApprovalService.ts(112,55): error TS2345: Argument of type '"create_custom_approval_level"' is not assignable to parameter of type '"allocate_indirect_costs" | "analyze_resource_planning_performance" | "apply_approval_template" | "assign_all_objects_to_role" | "assign_cascading_authorization" | "assign_role_authorizations" | ... 58 more ... | "validate_data_integrity"'.
285:domains/materials/flexibleApprovalService.ts(152,31): error TS2322: Type '{ approval_type: string; approver_role: string; is_required: boolean; level_name: string; level_number: number; }[]' is not assignable to type 'ApprovalPath[]'.
286:domains/materials/flexibleApprovalService.ts(196,37): error TS2589: Type instantiation is excessively deep and possibly infinite.
287:domains/materials/flexibleApprovalService.ts(197,15): error TS2769: No overload matches this call.
288:domains/materials/materialMasterService.ts(46,13): error TS2769: No overload matches this call.
289:domains/materials/materialMasterService.ts(61,22): error TS2345: Argument of type 'boolean' is not assignable to parameter of type '("is_active" extends keyof (Omit<Database, "__InternalSupabase">[("public" extends Exclude<keyof Database, "__InternalSupabase"> ? "public" : string & Exclude<...>) extends "public" ? "public" & ("public" extends Exclude<...> ? "public" : string & Exclude<...>) : "public"] extends GenericSchema ? Omit<...>[("public"...'.
290:domains/materials/materialMasterService.ts(65,39): error TS2345: Argument of type 'string' is not assignable to parameter of type '("material_code" extends keyof (Omit<Database, "__InternalSupabase">[("public" extends Exclude<keyof Database, "__InternalSupabase"> ? "public" : string & Exclude<...>) extends "public" ? "public" & ("public" extends Exclude<...> ? "public" : string & Exclude<...>) : "public"] extends GenericSchema ? Omit<...>[("pub...'.
291:domains/materials/materialMasterService.ts(74,36): error TS2345: Argument of type 'string' is not assignable to parameter of type '("category" extends keyof (Omit<Database, "__InternalSupabase">[("public" extends Exclude<keyof Database, "__InternalSupabase"> ? "public" : string & Exclude<...>) extends "public" ? "public" & ("public" extends Exclude<...> ? "public" : string & Exclude<...>) : "public"] extends GenericSchema ? Omit<...>[("public" ...'.
292:domains/materials/materialMasterService.ts(78,41): error TS2345: Argument of type 'string' is not assignable to parameter of type '("material_type" extends keyof (Omit<Database, "__InternalSupabase">[("public" extends Exclude<keyof Database, "__InternalSupabase"> ? "public" : string & Exclude<...>) extends "public" ? "public" & ("public" extends Exclude<...> ? "public" : string & Exclude<...>) : "public"] extends GenericSchema ? Omit<...>[("pub...'.
293:domains/materials/materialMasterService.ts(92,13): error TS2345: Argument of type 'Partial<MaterialMaster>' is not assignable to parameter of type '(Omit<Database, "__InternalSupabase">[("public" extends Exclude<keyof Database, "__InternalSupabase"> ? "public" : string & Exclude<keyof Database, "__InternalSupabase">) extends "public" ? "public" & ("public" extends Exclude<...> ? "public" : string & Exclude<...>) : "public"] extends GenericSchema ? Omit<...>[("p...'.
294:domains/materials/materialMasterService.ts(93,26): error TS2345: Argument of type 'string' is not assignable to parameter of type '("material_code" extends keyof (Omit<Database, "__InternalSupabase">[("public" extends Exclude<keyof Database, "__InternalSupabase"> ? "public" : string & Exclude<...>) extends "public" ? "public" & ("public" extends Exclude<...> ? "public" : string & Exclude<...>) : "public"] extends GenericSchema ? Omit<...>[("pub...'.
295:domains/materials/materialMasterService.ts(107,13): error TS2769: No overload matches this call.
296:domains/materials/materialMasterService.ts(124,26): error TS2345: Argument of type 'string' is not assignable to parameter of type '("material_code" extends keyof (Omit<Database, "__InternalSupabase">[("public" extends Exclude<keyof Database, "__InternalSupabase"> ? "public" : string & Exclude<...>) extends "public" ? "public" & ("public" extends Exclude<...> ? "public" : string & Exclude<...>) : "public"] extends GenericSchema ? Omit<...>[("pub...'.
297:domains/materials/materialMasterService.ts(125,22): error TS2345: Argument of type 'boolean' is not assignable to parameter of type '("is_active" extends keyof (Omit<Database, "__InternalSupabase">[("public" extends Exclude<keyof Database, "__InternalSupabase"> ? "public" : string & Exclude<...>) extends "public" ? "public" & ("public" extends Exclude<...> ? "public" : string & Exclude<...>) : "public"] extends GenericSchema ? Omit<...>[("public"...'.
298:domains/materials/materialMasterService.ts(128,36): error TS2345: Argument of type 'string' is not assignable to parameter of type '("plant_code" extends keyof (Omit<Database, "__InternalSupabase">[("public" extends Exclude<keyof Database, "__InternalSupabase"> ? "public" : string & Exclude<...>) extends "public" ? "public" & ("public" extends Exclude<...> ? "public" : string & Exclude<...>) : "public"] extends GenericSchema ? Omit<...>[("public...'.
299:domains/materials/materialMasterService.ts(141,13): error TS2345: Argument of type 'Partial<MaterialPlantData>' is not assignable to parameter of type '(Omit<Database, "__InternalSupabase">[("public" extends Exclude<keyof Database, "__InternalSupabase"> ? "public" : string & Exclude<keyof Database, "__InternalSupabase">) extends "public" ? "public" & ("public" extends Exclude<...> ? "public" : string & Exclude<...>) : "public"] extends GenericSchema ? Omit<...>[("p...'.
300:domains/materials/materialMasterService.ts(142,15): error TS2345: Argument of type 'string' is not assignable to parameter of type '("id" extends keyof (Omit<Database, "__InternalSupabase">[("public" extends Exclude<keyof Database, "__InternalSupabase"> ? "public" : string & Exclude<...>) extends "public" ? "public" & ("public" extends Exclude<...> ? "public" : string & Exclude<...>) : "public"] extends GenericSchema ? Omit<...>[("public" extend...'.
301:domains/materials/materialMasterService.ts(156,13): error TS2769: No overload matches this call.
302:domains/materials/materialMasterService.ts(170,26): error TS2345: Argument of type 'string' is not assignable to parameter of type '("material_code" extends keyof (Omit<Database, "__InternalSupabase">[("public" extends Exclude<keyof Database, "__InternalSupabase"> ? "public" : string & Exclude<...>) extends "public" ? "public" & ("public" extends Exclude<...> ? "public" : string & Exclude<...>) : "public"] extends GenericSchema ? Omit<...>[("pub...'.
303:domains/materials/materialMasterService.ts(171,22): error TS2345: Argument of type 'boolean' is not assignable to parameter of type '("is_active" extends keyof (Omit<Database, "__InternalSupabase">[("public" extends Exclude<keyof Database, "__InternalSupabase"> ? "public" : string & Exclude<...>) extends "public" ? "public" & ("public" extends Exclude<...> ? "public" : string & Exclude<...>) : "public"] extends GenericSchema ? Omit<...>[("public"...'.
304:domains/materials/materialMasterService.ts(175,38): error TS2345: Argument of type 'string' is not assignable to parameter of type '("company_code" extends keyof (Omit<Database, "__InternalSupabase">[("public" extends Exclude<keyof Database, "__InternalSupabase"> ? "public" : string & Exclude<...>) extends "public" ? "public" & ("public" extends Exclude<...> ? "public" : string & Exclude<...>) : "public"] extends GenericSchema ? Omit<...>[("publ...'.
305:domains/materials/materialMasterService.ts(190,22): error TS2345: Argument of type 'boolean' is not assignable to parameter of type '("is_active" extends keyof (Omit<Database, "__InternalSupabase">[("public" extends Exclude<keyof Database, "__InternalSupabase"> ? "public" : string & Exclude<...>) extends "public" ? "public" & ("public" extends Exclude<...> ? "public" : string & Exclude<...>) : "public"] extends GenericSchema ? Omit<...>[("public"...'.
306:domains/materials/materialMasterService.ts(203,22): error TS2345: Argument of type 'boolean' is not assignable to parameter of type '("is_active" extends keyof (Omit<Database, "__InternalSupabase">[("public" extends Exclude<keyof Database, "__InternalSupabase"> ? "public" : string & Exclude<...>) extends "public" ? "public" & ("public" extends Exclude<...> ? "public" : string & Exclude<...>) : "public"] extends GenericSchema ? Omit<...>[("public"...'.
307:domains/materials/materialMasterService.ts(207,39): error TS2345: Argument of type 'string' is not assignable to parameter of type '("category_code" extends keyof (Omit<Database, "__InternalSupabase">[("public" extends Exclude<keyof Database, "__InternalSupabase"> ? "public" : string & Exclude<...>) extends "public" ? "public" & ("public" extends Exclude<...> ? "public" : string & Exclude<...>) : "public"] extends GenericSchema ? Omit<...>[("pub...'.
308:domains/materials/materialMasterService.ts(250,79): error TS2345: Argument of type 'string' is not assignable to parameter of type 'ResolveFilterRelationshipValue<Omit<Database, "__InternalSupabase">[("public" extends Exclude<keyof Database, "__InternalSupabase"> ? "public" : string & Exclude<keyof Database, "__InternalSupabase">) extends "public" ? "public" & ("public" extends Exclude<...> ? "public" : string & Exclude<...>) : "public"] extends...'.
309:domains/materials/materialMasterService.ts(268,16): error TS2339: Property 'currency_code' does not exist on type 'SelectQueryError<"Processing node failed."> | SelectQueryError<"Could not retrieve a valid record or error value"> | { currency_code: any; currency_symbol: any; decimal_places: any; }'.
310:domains/materials/materialMasterService.ts(273,29): error TS2339: Property 'materials' does not exist on type 'SelectQueryError<"Processing node failed."> | SelectQueryError<"Could not retrieve a valid record or error value"> | { current_quantity: any; ... 5 more ...; storage_locations: { ...; }[]; } | { [K in keyof (FindDuplicatesWithinDeduplicated<...> extends infer Duplicates ? Duplicates extends never ? false : Duplicate...'.
311:domains/materials/materialMasterService.ts(274,36): error TS2339: Property 'storage_locations' does not exist on type 'SelectQueryError<"Processing node failed."> | SelectQueryError<"Could not retrieve a valid record or error value"> | { current_quantity: any; ... 5 more ...; storage_locations: { ...; }[]; } | { [K in keyof (FindDuplicatesWithinDeduplicated<...> extends infer Duplicates ? Duplicates extends never ? false : Duplicate...'.
312:domains/materials/materialMasterService.ts(278,40): error TS2339: Property 'current_quantity' does not exist on type 'SelectQueryError<"Processing node failed."> | SelectQueryError<"Could not retrieve a valid record or error value"> | { current_quantity: any; ... 5 more ...; storage_locations: { ...; }[]; } | { [K in keyof (FindDuplicatesWithinDeduplicated<...> extends infer Duplicates ? Duplicates extends never ? false : Duplicate...'.
313:domains/materials/materialMasterService.ts(279,38): error TS2339: Property 'total_value' does not exist on type 'SelectQueryError<"Processing node failed."> | SelectQueryError<"Could not retrieve a valid record or error value"> | { current_quantity: any; ... 5 more ...; storage_locations: { ...; }[]; } | { [K in keyof (FindDuplicatesWithinDeduplicated<...> extends infer Duplicates ? Duplicates extends never ? false : Duplicate...'.
314:domains/materials/materialMasterService.ts(290,20): error TS2339: Property 'material_code' does not exist on type 'SelectQueryError<"Processing node failed."> | SelectQueryError<"Could not retrieve a valid record or error value"> | { current_quantity: any; ... 5 more ...; storage_locations: { ...; }[]; } | { [K in keyof (FindDuplicatesWithinDeduplicated<...> extends infer Duplicates ? Duplicates extends never ? false : Duplicate...'.
315:domains/materials/materialServices.ts(19,6): error TS2339: Property 'from' does not exist on type 'Promise<SupabaseClient<Database, "public" extends Exclude<keyof Database, "__InternalSupabase"> ? "public" : string & Exclude<keyof Database, "__InternalSupabase">, ("public" extends Exclude<...> ? "public" : string & Exclude<...>) extends "public" ? "public" & ("public" extends Exclude<...> ? "public" : string & Ex...'.
316:domains/materials/materialServices.ts(38,8): error TS2339: Property 'from' does not exist on type 'Promise<SupabaseClient<Database, "public" extends Exclude<keyof Database, "__InternalSupabase"> ? "public" : string & Exclude<keyof Database, "__InternalSupabase">, ("public" extends Exclude<...> ? "public" : string & Exclude<...>) extends "public" ? "public" & ("public" extends Exclude<...> ? "public" : string & Ex...'.
317:domains/materials/materialServices.ts(89,8): error TS2339: Property 'from' does not exist on type 'Promise<SupabaseClient<Database, "public" extends Exclude<keyof Database, "__InternalSupabase"> ? "public" : string & Exclude<keyof Database, "__InternalSupabase">, ("public" extends Exclude<...> ? "public" : string & Exclude<...>) extends "public" ? "public" & ("public" extends Exclude<...> ? "public" : string & Ex...'.
318:domains/materials/materialServices.ts(196,6): error TS2339: Property 'from' does not exist on type 'Promise<SupabaseClient<Database, "public" extends Exclude<keyof Database, "__InternalSupabase"> ? "public" : string & Exclude<keyof Database, "__InternalSupabase">, ("public" extends Exclude<...> ? "public" : string & Exclude<...>) extends "public" ? "public" & ("public" extends Exclude<...> ? "public" : string & Ex...'.
319:domains/materials/materialServices.ts(213,10): error TS2339: Property 'from' does not exist on type 'Promise<SupabaseClient<Database, "public" extends Exclude<keyof Database, "__InternalSupabase"> ? "public" : string & Exclude<keyof Database, "__InternalSupabase">, ("public" extends Exclude<...> ? "public" : string & Exclude<...>) extends "public" ? "public" & ("public" extends Exclude<...> ? "public" : string & Ex...'.
320:domains/materials/materialServices.ts(251,6): error TS2339: Property 'from' does not exist on type 'Promise<SupabaseClient<Database, "public" extends Exclude<keyof Database, "__InternalSupabase"> ? "public" : string & Exclude<keyof Database, "__InternalSupabase">, ("public" extends Exclude<...> ? "public" : string & Exclude<...>) extends "public" ? "public" & ("public" extends Exclude<...> ? "public" : string & Ex...'.
321:domains/materials/materialServices.ts(273,6): error TS2339: Property 'from' does not exist on type 'Promise<SupabaseClient<Database, "public" extends Exclude<keyof Database, "__InternalSupabase"> ? "public" : string & Exclude<keyof Database, "__InternalSupabase">, ("public" extends Exclude<...> ? "public" : string & Exclude<...>) extends "public" ? "public" & ("public" extends Exclude<...> ? "public" : string & Ex...'.
322:domains/materials/unifiedMaterialRequestService.ts(158,19): error TS2589: Type instantiation is excessively deep and possibly infinite.
323:domains/materials/unifiedMaterialRequestService.ts(200,56): error TS2589: Type instantiation is excessively deep and possibly infinite.
324:domains/materials/unifiedMaterialRequestService.ts(315,37): error TS2589: Type instantiation is excessively deep and possibly infinite.
325:domains/materials/unifiedMaterialRequestService.ts(316,15): error TS2769: No overload matches this call.
326:domains/materials/unifiedMaterialRequestService.ts(323,31): error TS2322: Type 'ResultOne[]' is not assignable to type 'ApprovalWorkflow[]'.
327:domains/materials/unifiedMaterialRequestService.ts(364,15): error TS2769: No overload matches this call.
328:domains/materials/unifiedMaterialRequestService.ts(374,10): error TS2339: Property 'group' does not exist on type 'PostgrestFilterBuilder<{ PostgrestVersion: "13.0.5"; }, { Tables: { account_assignment_categories: { Row: { category_code: string; category_name: string; description: string; is_active: boolean; }; Insert: { category_code: string; category_name?: string; description?: string; is_active?: boolean; }; Update: { ...; }...'.
329:domains/materials/unifiedMaterialRequestService.ts(442,28): error TS2589: Type instantiation is excessively deep and possibly infinite.
330:domains/materials/unifiedMaterialRequestService.ts(442,28): error TS2589: Type instantiation is excessively deep and possibly infinite.
331:domains/materials/unifiedMaterialRequestService.ts(443,13): error TS2769: No overload matches this call.
332:domains/materials/unifiedMaterialRequestService.ts(453,5): error TS2322: Type 'ResultOne' is not assignable to type 'ApprovalWorkflow'.
333:domains/procurement/createPurchaseOrder.ts(31,6): error TS2339: Property 'from' does not exist on type 'Promise<SupabaseClient<Database, "public" extends Exclude<keyof Database, "__InternalSupabase"> ? "public" : string & Exclude<keyof Database, "__InternalSupabase">, ("public" extends Exclude<...> ? "public" : string & Exclude<...>) extends "public" ? "public" & ("public" extends Exclude<...> ? "public" : string & Ex...'.
334:domains/procurement/createPurchaseOrder.ts(59,6): error TS2339: Property 'from' does not exist on type 'Promise<SupabaseClient<Database, "public" extends Exclude<keyof Database, "__InternalSupabase"> ? "public" : string & Exclude<keyof Database, "__InternalSupabase">, ("public" extends Exclude<...> ? "public" : string & Exclude<...>) extends "public" ? "public" & ("public" extends Exclude<...> ? "public" : string & Ex...'.
335:domains/procurement/createPurchaseOrder.ts(78,6): error TS2339: Property 'from' does not exist on type 'Promise<SupabaseClient<Database, "public" extends Exclude<keyof Database, "__InternalSupabase"> ? "public" : string & Exclude<keyof Database, "__InternalSupabase">, ("public" extends Exclude<...> ? "public" : string & Exclude<...>) extends "public" ? "public" & ("public" extends Exclude<...> ? "public" : string & Ex...'.
336:domains/procurement/createPurchaseOrder.ts(97,8): error TS2339: Property 'from' does not exist on type 'Promise<SupabaseClient<Database, "public" extends Exclude<keyof Database, "__InternalSupabase"> ? "public" : string & Exclude<keyof Database, "__InternalSupabase">, ("public" extends Exclude<...> ? "public" : string & Exclude<...>) extends "public" ? "public" & ("public" extends Exclude<...> ? "public" : string & Ex...'.
337:domains/procurement/createPurchaseOrder.ts(118,6): error TS2339: Property 'from' does not exist on type 'Promise<SupabaseClient<Database, "public" extends Exclude<keyof Database, "__InternalSupabase"> ? "public" : string & Exclude<keyof Database, "__InternalSupabase">, ("public" extends Exclude<...> ? "public" : string & Exclude<...>) extends "public" ? "public" & ("public" extends Exclude<...> ? "public" : string & Ex...'.
338:domains/procurement/createPurchaseOrder.ts(138,18): error TS2339: Property 'from' does not exist on type 'Promise<SupabaseClient<Database, "public" extends Exclude<keyof Database, "__InternalSupabase"> ? "public" : string & Exclude<keyof Database, "__InternalSupabase">, ("public" extends Exclude<...> ? "public" : string & Exclude<...>) extends "public" ? "public" & ("public" extends Exclude<...> ? "public" : string & Ex...'.
339:domains/procurement/createPurchaseOrder.ts(142,6): error TS2339: Property 'from' does not exist on type 'Promise<SupabaseClient<Database, "public" extends Exclude<keyof Database, "__InternalSupabase"> ? "public" : string & Exclude<keyof Database, "__InternalSupabase">, ("public" extends Exclude<...> ? "public" : string & Exclude<...>) extends "public" ? "public" & ("public" extends Exclude<...> ? "public" : string & Ex...'.
340:domains/projects/projectCrudService.ts(16,38): error TS2345: Argument of type 'string' is not assignable to parameter of type '("company_code" extends keyof (Omit<Database, "__InternalSupabase">[("public" extends Exclude<keyof Database, "__InternalSupabase"> ? "public" : string & Exclude<...>) extends "public" ? "public" & ("public" extends Exclude<...> ? "public" : string & Exclude<...>) : "public"] extends GenericSchema ? Omit<...>[("publ...'.
341:domains/projects/projectCrudService.ts(34,15): error TS2345: Argument of type 'string' is not assignable to parameter of type '("id" extends keyof (Omit<Database, "__InternalSupabase">[("public" extends Exclude<keyof Database, "__InternalSupabase"> ? "public" : string & Exclude<...>) extends "public" ? "public" & ("public" extends Exclude<...> ? "public" : string & Exclude<...>) : "public"] extends GenericSchema ? Omit<...>[("public" extend...'.
342:domains/projects/projectCrudService.ts(46,6): error TS2769: No overload matches this call.
343:domains/projects/projectCrudService.ts(75,13): error TS2345: Argument of type '{ code: any; name: any; description: any; category_code: any; project_type: any; status: any; start_date: any; planned_end_date: any; budget: any; location: any; company_code: any; plant_code: any; cost_center: any; profit_center: any; updated_at: string; }' is not assignable to parameter of type '(Omit<Database, "__InternalSupabase">[("public" extends Exclude<keyof Database, "__InternalSupabase"> ? "public" : string & Exclude<keyof Database, "__InternalSupabase">) extends "public" ? "public" & ("public" extends Exclude<...> ? "public" : string & Exclude<...>) : "public"] extends GenericSchema ? Omit<...>[("p...'.
344:domains/projects/projectCrudService.ts(92,15): error TS2345: Argument of type 'string' is not assignable to parameter of type '("id" extends keyof (Omit<Database, "__InternalSupabase">[("public" extends Exclude<keyof Database, "__InternalSupabase"> ? "public" : string & Exclude<...>) extends "public" ? "public" & ("public" extends Exclude<...> ? "public" : string & Exclude<...>) : "public"] extends GenericSchema ? Omit<...>[("public" extend...'.
345:domains/projects/projectCrudService.ts(106,15): error TS2345: Argument of type 'string' is not assignable to parameter of type '("id" extends keyof (Omit<Database, "__InternalSupabase">[("public" extends Exclude<keyof Database, "__InternalSupabase"> ? "public" : string & Exclude<...>) extends "public" ? "public" & ("public" extends Exclude<...> ? "public" : string & Exclude<...>) : "public"] extends GenericSchema ? Omit<...>[("public" extend...'.
346:domains/projects/projectFinanceServices.ts(12,19): error TS2339: Property 'code' does not exist on type 'SelectQueryError<"Processing node failed."> | SelectQueryError<"Could not retrieve a valid record or error value"> | { code: any; budget: any; }'.
347:domains/projects/projectFinanceServices.ts(12,35): error TS2339: Property 'budget' does not exist on type 'SelectQueryError<"Processing node failed."> | SelectQueryError<"Could not retrieve a valid record or error value"> | { code: any; budget: any; }'.
348:domains/projects/projectFinanceServices.ts(17,29): error TS2339: Property 'project_code' does not exist on type 'SelectQueryError<"Processing node failed."> | SelectQueryError<"Could not retrieve a valid record or error value"> | { project_code: any; ... 5 more ...; wbs_element: any; }'.
349:domains/projects/projectFinanceServices.ts(18,31): error TS2339: Property 'gl_account' does not exist on type 'SelectQueryError<"Processing node failed."> | SelectQueryError<"Could not retrieve a valid record or error value"> | { project_code: any; ... 5 more ...; wbs_element: any; }'.
350:domains/projects/projectFinanceServices.ts(28,36): error TS2339: Property 'posting_date' does not exist on type 'SelectQueryError<"Processing node failed."> | SelectQueryError<"Could not retrieve a valid record or error value"> | { project_code: any; ... 5 more ...; wbs_element: any; }'.
351:domains/projects/projectFinanceServices.ts(33,39): error TS2339: Property 'company_amount' does not exist on type 'SelectQueryError<"Processing node failed."> | SelectQueryError<"Could not retrieve a valid record or error value"> | { project_code: any; ... 5 more ...; wbs_element: any; }'.
352:domains/projects/projectFinanceServices.ts(36,19): error TS2339: Property 'debit_credit' does not exist on type 'SelectQueryError<"Processing node failed."> | SelectQueryError<"Could not retrieve a valid record or error value"> | { project_code: any; ... 5 more ...; wbs_element: any; }'.
353:domains/projects/projectFinanceServices.ts(43,19): error TS2339: Property 'debit_credit' does not exist on type 'SelectQueryError<"Processing node failed."> | SelectQueryError<"Could not retrieve a valid record or error value"> | { project_code: any; ... 5 more ...; wbs_element: any; }'.
354:domains/projects/projectFinanceServices.ts(69,23): error TS2362: The left-hand side of an arithmetic operation must be of type 'any', 'number', 'bigint' or an enum type.
355:domains/projects/projectFinanceServices.ts(69,38): error TS2363: The right-hand side of an arithmetic operation must be of type 'any', 'number', 'bigint' or an enum type.
356:domains/projects/projectFinanceServices.ts(77,23): error TS2365: Operator '>' cannot be applied to types 'unknown' and 'number'.
357:domains/projects/projectFinanceServices.ts(77,55): error TS2363: The right-hand side of an arithmetic operation must be of type 'any', 'number', 'bigint' or an enum type.
358:domains/projects/projectFinanceServices.ts(99,59): error TS2339: Property 'project_code' does not exist on type 'SelectQueryError<"Processing node failed."> | SelectQueryError<"Could not retrieve a valid record or error value"> | { project_code: any; ... 5 more ...; wbs_element: any; }'.
359:domains/projects/projectFinanceServices.ts(99,97): error TS2339: Property 'wbs_element' does not exist on type 'SelectQueryError<"Processing node failed."> | SelectQueryError<"Could not retrieve a valid record or error value"> | { project_code: any; ... 5 more ...; wbs_element: any; }'.
360:domains/projects/projectFinanceServices.ts(102,25): error TS2339: Property 'wbs_element' does not exist on type 'SelectQueryError<"Processing node failed."> | SelectQueryError<"Could not retrieve a valid record or error value"> | { project_code: any; ... 5 more ...; wbs_element: any; }'.
361:domains/projects/projectFinanceServices.ts(110,36): error TS2339: Property 'posting_date' does not exist on type 'SelectQueryError<"Processing node failed."> | SelectQueryError<"Could not retrieve a valid record or error value"> | { project_code: any; ... 5 more ...; wbs_element: any; }'.
362:domains/projects/projectFinanceServices.ts(115,17): error TS2339: Property 'debit_credit' does not exist on type 'SelectQueryError<"Processing node failed."> | SelectQueryError<"Could not retrieve a valid record or error value"> | { project_code: any; ... 5 more ...; wbs_element: any; }'.
363:domains/projects/projectFinanceServices.ts(116,51): error TS2339: Property 'company_amount' does not exist on type 'SelectQueryError<"Processing node failed."> | SelectQueryError<"Could not retrieve a valid record or error value"> | { project_code: any; ... 5 more ...; wbs_element: any; }'.
364:domains/projects/projectFinanceServices.ts(118,52): error TS2339: Property 'company_amount' does not exist on type 'SelectQueryError<"Processing node failed."> | SelectQueryError<"Could not retrieve a valid record or error value"> | { project_code: any; ... 5 more ...; wbs_element: any; }'.
365:domains/projects/repositories/projectRepository.ts(18,27): error TS2345: Argument of type 'string' is not assignable to parameter of type '("company_code" extends keyof (Omit<Database, "__InternalSupabase">[("public" extends Exclude<keyof Database, "__InternalSupabase"> ? "public" : string & Exclude<...>) extends "public" ? "public" & ("public" extends Exclude<...> ? "public" : string & Exclude<...>) : "public"] extends GenericSchema ? Omit<...>[("publ...'.
366:domains/projects/repositories/projectRepository.ts(65,23): error TS2339: Property 'id' does not exist on type 'SelectQueryError<"Processing node failed."> | SelectQueryError<"Could not retrieve a valid record or error value"> | { id: any; code: any; }'.
367:domains/projects/repositories/projectRepository.ts(65,38): error TS2339: Property 'code' does not exist on type 'SelectQueryError<"Processing node failed."> | SelectQueryError<"Could not retrieve a valid record or error value"> | { id: any; code: any; }'.
368:domains/projects/repositories/projectRepository.ts(73,24): error TS2345: Argument of type 'boolean' is not assignable to parameter of type '("is_active" extends keyof (Omit<Database, "__InternalSupabase">[("public" extends Exclude<keyof Database, "__InternalSupabase"> ? "public" : string & Exclude<...>) extends "public" ? "public" & ("public" extends Exclude<...> ? "public" : string & Exclude<...>) : "public"] extends GenericSchema ? Omit<...>[("public"...'.
369:domains/projects/repositories/projectRepository.ts(85,24): error TS2345: Argument of type 'boolean' is not assignable to parameter of type '("is_active" extends keyof (Omit<Database, "__InternalSupabase">[("public" extends Exclude<keyof Database, "__InternalSupabase"> ? "public" : string & Exclude<...>) extends "public" ? "public" & ("public" extends Exclude<...> ? "public" : string & Exclude<...>) : "public"] extends GenericSchema ? Omit<...>[("public"...'.
370:domains/projects/repositories/projectRepository.ts(96,24): error TS2345: Argument of type 'boolean' is not assignable to parameter of type '("is_active" extends keyof (Omit<Database, "__InternalSupabase">[("public" extends Exclude<keyof Database, "__InternalSupabase"> ? "public" : string & Exclude<...>) extends "public" ? "public" & ("public" extends Exclude<...> ? "public" : string & Exclude<...>) : "public"] extends GenericSchema ? Omit<...>[("public"...'.
371:domains/projects/repositories/projectRepository.ts(100,15): error TS2339: Property 'id' does not exist on type 'SelectQueryError<"Processing node failed."> | SelectQueryError<"Could not retrieve a valid record or error value"> | { id: any; first_name: any; last_name: any; job_title: any; }'.
372:domains/projects/repositories/projectRepository.ts(101,20): error TS2339: Property 'first_name' does not exist on type 'SelectQueryError<"Processing node failed."> | SelectQueryError<"Could not retrieve a valid record or error value"> | { id: any; first_name: any; last_name: any; job_title: any; }'.
373:domains/projects/repositories/projectRepository.ts(101,38): error TS2339: Property 'last_name' does not exist on type 'SelectQueryError<"Processing node failed."> | SelectQueryError<"Could not retrieve a valid record or error value"> | { id: any; first_name: any; last_name: any; job_title: any; }'.
374:domains/projects/repositories/projectRepository.ts(102,17): error TS2339: Property 'job_title' does not exist on type 'SelectQueryError<"Processing node failed."> | SelectQueryError<"Could not retrieve a valid record or error value"> | { id: any; first_name: any; last_name: any; job_title: any; }'.
375:domains/projects/repositories/projectRepository.ts(110,105): error TS2345: Argument of type 'string' is not assignable to parameter of type '("company_code" extends keyof (Omit<Database, "__InternalSupabase">[("public" extends Exclude<keyof Database, "__InternalSupabase"> ? "public" : string & Exclude<...>) extends "public" ? "public" & ("public" extends Exclude<...> ? "public" : string & Exclude<...>) : "public"] extends GenericSchema ? Omit<...>[("publ...'.
376:domains/projects/repositories/projectRepository.ts(110,134): error TS2345: Argument of type 'boolean' is not assignable to parameter of type '("is_active" extends keyof (Omit<Database, "__InternalSupabase">[("public" extends Exclude<keyof Database, "__InternalSupabase"> ? "public" : string & Exclude<...>) extends "public" ? "public" & ("public" extends Exclude<...> ? "public" : string & Exclude<...>) : "public"] extends GenericSchema ? Omit<...>[("public"...'.
377:domains/projects/repositories/projectRepository.ts(111,108): error TS2345: Argument of type 'boolean' is not assignable to parameter of type '("is_active" extends keyof (Omit<Database, "__InternalSupabase">[("public" extends Exclude<keyof Database, "__InternalSupabase"> ? "public" : string & Exclude<...>) extends "public" ? "public" & ("public" extends Exclude<...> ? "public" : string & Exclude<...>) : "public"] extends GenericSchema ? Omit<...>[("public"...'.
378:domains/projects/repositories/projectRepository.ts(112,93): error TS2345: Argument of type 'boolean' is not assignable to parameter of type '("is_active" extends keyof (Omit<Database, "__InternalSupabase">[("public" extends Exclude<keyof Database, "__InternalSupabase"> ? "public" : string & Exclude<...>) extends "public" ? "public" & ("public" extends Exclude<...> ? "public" : string & Exclude<...>) : "public"] extends GenericSchema ? Omit<...>[("public"...'.
379:domains/projects/repositories/projectRepository.ts(128,24): error TS2345: Argument of type 'boolean' is not assignable to parameter of type '("is_active" extends keyof (Omit<Database, "__InternalSupabase">[("public" extends Exclude<keyof Database, "__InternalSupabase"> ? "public" : string & Exclude<...>) extends "public" ? "public" & ("public" extends Exclude<...> ? "public" : string & Exclude<...>) : "public"] extends GenericSchema ? Omit<...>[("public"...'.
380:domains/projects/repositories/projectRepository.ts(146,12): error TS2345: Argument of type 'string' is not assignable to parameter of type 'string & keyof (Omit<Database, "__InternalSupabase">[("public" extends Exclude<keyof Database, "__InternalSupabase"> ? "public" : string & Exclude<...>) extends "public" ? "public" & ("public" extends Exclude<...> ? "public" : string & Exclude<...>) : "public"] extends GenericSchema ? Omit<...>[("public" extends Exc...'.
381:domains/purchase-orders/completePOServices.ts(89,5): error TS2322: Type 'void' is not assignable to type 'CompletePurchaseOrder[]'.
382:domains/purchase-orders/completePOServices.ts(157,5): error TS2322: Type 'void' is not assignable to type 'any[]'.
383:domains/purchase-orders/completePOServices.ts(201,19): error TS2339: Property 'length' does not exist on type 'void'.
384:domains/purchase-orders/completePOServices.ts(219,5): error TS2322: Type 'void' is not assignable to type 'any[]'.
385:domains/purchase-orders/completePOServices.ts(224,5): error TS2322: Type 'void' is not assignable to type 'any[]'.
386:domains/purchase-orders/completePOServices.ts(228,5): error TS2322: Type 'void' is not assignable to type 'any[]'.
387:domains/purchase-orders/completePOServices.ts(232,5): error TS2322: Type 'void' is not assignable to type 'any[]'.
388:domains/purchase-orders/completePOServices.ts(236,5): error TS2322: Type 'void' is not assignable to type 'any[]'.
389:domains/purchase-orders/integratedPOServices.ts(166,5): error TS2322: Type 'void' is not assignable to type 'any[]'.
390:domains/purchase-orders/integratedPOServices.ts(179,5): error TS2322: Type 'void' is not assignable to type 'IntegratedPurchaseOrder[]'.
391:domains/purchase-orders/integratedPOServices.ts(183,5): error TS2322: Type 'void' is not assignable to type 'any[]'.
392:domains/purchase-orders/integratedPOServices.ts(187,5): error TS2322: Type 'void' is not assignable to type 'any[]'.
393:domains/purchase-orders/integratedPOServices.ts(191,5): error TS2322: Type 'void' is not assignable to type 'any[]'.
394:domains/purchase-orders/poServices-compatible.ts(57,5): error TS2322: Type 'void' is not assignable to type 'PurchaseOrder[]'.
395:domains/purchase-orders/poServices-compatible.ts(82,5): error TS2322: Type 'void' is not assignable to type 'PurchaseOrderItem[]'.
396:domains/purchase-orders/poServices-compatible.ts(98,5): error TS2322: Type 'void' is not assignable to type 'any[]'.
397:domains/purchase-orders/poServices-compatible.ts(103,5): error TS2322: Type 'void' is not assignable to type 'any[]'.
398:domains/purchase-orders/poServices-compatible.ts(108,5): error TS2322: Type 'void' is not assignable to type 'any[]'.
399:domains/purchase-orders/poServices-compatible.ts(139,5): error TS2322: Type 'void' is not assignable to type 'any[]'.
400:domains/quality/qualityServices.ts(7,6): error TS2339: Property 'from' does not exist on type 'Promise<SupabaseClient<Database, "public" extends Exclude<keyof Database, "__InternalSupabase"> ? "public" : string & Exclude<keyof Database, "__InternalSupabase">, ("public" extends Exclude<...> ? "public" : string & Exclude<...>) extends "public" ? "public" & ("public" extends Exclude<...> ? "public" : string & Ex...'.
401:domains/quality/qualityServices.ts(33,6): error TS2339: Property 'from' does not exist on type 'Promise<SupabaseClient<Database, "public" extends Exclude<keyof Database, "__InternalSupabase"> ? "public" : string & Exclude<keyof Database, "__InternalSupabase">, ("public" extends Exclude<...> ? "public" : string & Exclude<...>) extends "public" ? "public" & ("public" extends Exclude<...> ? "public" : string & Ex...'.
402:domains/quality/qualityServices.ts(50,6): error TS2339: Property 'from' does not exist on type 'Promise<SupabaseClient<Database, "public" extends Exclude<keyof Database, "__InternalSupabase"> ? "public" : string & Exclude<keyof Database, "__InternalSupabase">, ("public" extends Exclude<...> ? "public" : string & Exclude<...>) extends "public" ? "public" & ("public" extends Exclude<...> ? "public" : string & Ex...'.
403:domains/safety/safetyServices.ts(7,6): error TS2339: Property 'from' does not exist on type 'Promise<SupabaseClient<Database, "public" extends Exclude<keyof Database, "__InternalSupabase"> ? "public" : string & Exclude<keyof Database, "__InternalSupabase">, ("public" extends Exclude<...> ? "public" : string & Exclude<...>) extends "public" ? "public" & ("public" extends Exclude<...> ? "public" : string & Ex...'.
404:domains/safety/safetyServices.ts(33,6): error TS2339: Property 'from' does not exist on type 'Promise<SupabaseClient<Database, "public" extends Exclude<keyof Database, "__InternalSupabase"> ? "public" : string & Exclude<keyof Database, "__InternalSupabase">, ("public" extends Exclude<...> ? "public" : string & Exclude<...>) extends "public" ? "public" & ("public" extends Exclude<...> ? "public" : string & Ex...'.
405:domains/safety/safetyServices.ts(50,6): error TS2339: Property 'from' does not exist on type 'Promise<SupabaseClient<Database, "public" extends Exclude<keyof Database, "__InternalSupabase"> ? "public" : string & Exclude<keyof Database, "__InternalSupabase">, ("public" extends Exclude<...> ? "public" : string & Exclude<...>) extends "public" ? "public" & ("public" extends Exclude<...> ? "public" : string & Ex...'.
406:domains/tiles/tilesService.ts(19,24): error TS2345: Argument of type 'boolean' is not assignable to parameter of type '("is_active" extends keyof (Omit<Database, "__InternalSupabase">[("public" extends Exclude<keyof Database, "__InternalSupabase"> ? "public" : string & Exclude<...>) extends "public" ? "public" & ("public" extends Exclude<...> ? "public" : string & Exclude<...>) : "public"] extends GenericSchema ? Omit<...>[("public"...'.
407:domains/tiles/tilesService.ts(23,40): error TS2698: Spread types may only be created from object types.
408:domains/tiles/tilesService.ts(29,22): error TS2345: Argument of type 'boolean' is not assignable to parameter of type '("is_active" extends keyof (Omit<Database, "__InternalSupabase">[("public" extends Exclude<keyof Database, "__InternalSupabase"> ? "public" : string & Exclude<...>) extends "public" ? "public" & ("public" extends Exclude<...> ? "public" : string & Exclude<...>) : "public"] extends GenericSchema ? Omit<...>[("public"...'.
409:domains/tiles/tilesService.ts(30,24): error TS2345: Argument of type 'string[]' is not assignable to parameter of type 'readonly (("auth_object" extends keyof (Omit<Database, "__InternalSupabase">[("public" extends Exclude<keyof Database, "__InternalSupabase"> ? "public" : string & Exclude<...>) extends "public" ? "public" & ("public" extends Exclude<...> ? "public" : string & Exclude<...>) : "public"] extends GenericSchema ? Omit<.....'.
410:domains/tiles/tilesService.ts(34,38): error TS2698: Spread types may only be created from object types.
411:domains/warehouse/warehouseServices.ts(7,6): error TS2339: Property 'from' does not exist on type 'Promise<SupabaseClient<Database, "public" extends Exclude<keyof Database, "__InternalSupabase"> ? "public" : string & Exclude<keyof Database, "__InternalSupabase">, ("public" extends Exclude<...> ? "public" : string & Exclude<...>) extends "public" ? "public" & ("public" extends Exclude<...> ? "public" : string & Ex...'.
412:domains/warehouse/warehouseServices.ts(30,6): error TS2339: Property 'from' does not exist on type 'Promise<SupabaseClient<Database, "public" extends Exclude<keyof Database, "__InternalSupabase"> ? "public" : string & Exclude<keyof Database, "__InternalSupabase">, ("public" extends Exclude<...> ? "public" : string & Exclude<...>) extends "public" ? "public" & ("public" extends Exclude<...> ? "public" : string & Ex...'.
413:domains/warehouse/warehouseServices.ts(47,6): error TS2339: Property 'from' does not exist on type 'Promise<SupabaseClient<Database, "public" extends Exclude<keyof Database, "__InternalSupabase"> ? "public" : string & Exclude<keyof Database, "__InternalSupabase">, ("public" extends Exclude<...> ? "public" : string & Exclude<...>) extends "public" ? "public" & ("public" extends Exclude<...> ? "public" : string & Ex...'.
414:domains/wbs/repositories/wbsRepository.ts(11,25): error TS2345: Argument of type 'string' is not assignable to parameter of type '("project_id" extends keyof (Omit<Database, "__InternalSupabase">[("public" extends Exclude<keyof Database, "__InternalSupabase"> ? "public" : string & Exclude<...>) extends "public" ? "public" & ("public" extends Exclude<...> ? "public" : string & Exclude<...>) : "public"] extends GenericSchema ? Omit<...>[("public...'.
415:domains/wbs/repositories/wbsRepository.ts(36,17): error TS2345: Argument of type 'string' is not assignable to parameter of type '("id" extends keyof (Omit<Database, "__InternalSupabase">[("public" extends Exclude<keyof Database, "__InternalSupabase"> ? "public" : string & Exclude<...>) extends "public" ? "public" & ("public" extends Exclude<...> ? "public" : string & Exclude<...>) : "public"] extends GenericSchema ? Omit<...>[("public" extend...'.
416:domains/wbs/repositories/wbsRepository.ts(49,17): error TS2345: Argument of type 'string' is not assignable to parameter of type '("id" extends keyof (Omit<Database, "__InternalSupabase">[("public" extends Exclude<keyof Database, "__InternalSupabase"> ? "public" : string & Exclude<...>) extends "public" ? "public" & ("public" extends Exclude<...> ? "public" : string & Exclude<...>) : "public"] extends GenericSchema ? Omit<...>[("public" extend...'.
417:domains/wbs/repositories/wbsRepository.ts(59,17): error TS2345: Argument of type 'string' is not assignable to parameter of type '("id" extends keyof (Omit<Database, "__InternalSupabase">[("public" extends Exclude<keyof Database, "__InternalSupabase"> ? "public" : string & Exclude<...>) extends "public" ? "public" & ("public" extends Exclude<...> ? "public" : string & Exclude<...>) : "public"] extends GenericSchema ? Omit<...>[("public" extend...'.
418:domains/wbs/repositories/wbsRepository.ts(63,17): error TS2339: Property 'project_code' does not exist on type 'SelectQueryError<"Processing node failed."> | SelectQueryError<"Could not retrieve a valid record or error value"> | { project_code: any; }'.
419:domains/wbs/repositories/wbsRepository.ts(71,27): error TS2345: Argument of type 'string' is not assignable to parameter of type '("project_code" extends keyof (Omit<Database, "__InternalSupabase">[("public" extends Exclude<keyof Database, "__InternalSupabase"> ? "public" : string & Exclude<...>) extends "public" ? "public" & ("public" extends Exclude<...> ? "public" : string & Exclude<...>) : "public"] extends GenericSchema ? Omit<...>[("publ...'.
420:domains/wbs/repositories/wbsRepository.ts(75,18): error TS2339: Property 'id' does not exist on type 'SelectQueryError<"Processing node failed."> | SelectQueryError<"Could not retrieve a valid record or error value"> | { id: any; }'.
421:domains/wbs/repositories/wbsRepository.ts(84,25): error TS2345: Argument of type 'string' is not assignable to parameter of type '("project_id" extends keyof (Omit<Database, "__InternalSupabase">[("public" extends Exclude<keyof Database, "__InternalSupabase"> ? "public" : string & Exclude<...>) extends "public" ? "public" & ("public" extends Exclude<...> ? "public" : string & Exclude<...>) : "public"] extends GenericSchema ? Omit<...>[("public...'.
422:domains/wbs/repositories/wbsRepository.ts(108,17): error TS2345: Argument of type 'string' is not assignable to parameter of type '("id" extends keyof (Omit<Database, "__InternalSupabase">[("public" extends Exclude<keyof Database, "__InternalSupabase"> ? "public" : string & Exclude<...>) extends "public" ? "public" & ("public" extends Exclude<...> ? "public" : string & Exclude<...>) : "public"] extends GenericSchema ? Omit<...>[("public" extend...'.
423:domains/wbs/repositories/wbsRepository.ts(121,17): error TS2345: Argument of type 'string' is not assignable to parameter of type '("id" extends keyof (Omit<Database, "__InternalSupabase">[("public" extends Exclude<keyof Database, "__InternalSupabase"> ? "public" : string & Exclude<...>) extends "public" ? "public" & ("public" extends Exclude<...> ? "public" : string & Exclude<...>) : "public"] extends GenericSchema ? Omit<...>[("public" extend...'.
424:domains/wbs/repositories/wbsRepository.ts(132,25): error TS2345: Argument of type 'string' is not assignable to parameter of type '("project_id" extends keyof (Omit<Database, "__InternalSupabase">[("public" extends Exclude<keyof Database, "__InternalSupabase"> ? "public" : string & Exclude<...>) extends "public" ? "public" & ("public" extends Exclude<...> ? "public" : string & Exclude<...>) : "public"] extends GenericSchema ? Omit<...>[("public...'.
425:domains/wbs/repositories/wbsRepository.ts(135,31): error TS2345: Argument of type 'string' is not assignable to parameter of type '("activity_id" extends keyof (Omit<Database, "__InternalSupabase">[("public" extends Exclude<keyof Database, "__InternalSupabase"> ? "public" : string & Exclude<...>) extends "public" ? "public" & ("public" extends Exclude<...> ? "public" : string & Exclude<...>) : "public"] extends GenericSchema ? Omit<...>[("publi...'.
426:domains/wbs/repositories/wbsRepository.ts(160,17): error TS2345: Argument of type 'string' is not assignable to parameter of type '("id" extends keyof (Omit<Database, "__InternalSupabase">[("public" extends Exclude<keyof Database, "__InternalSupabase"> ? "public" : string & Exclude<...>) extends "public" ? "public" & ("public" extends Exclude<...> ? "public" : string & Exclude<...>) : "public"] extends GenericSchema ? Omit<...>[("public" extend...'.
427:domains/wbs/repositories/wbsRepository.ts(173,17): error TS2345: Argument of type 'string' is not assignable to parameter of type '("id" extends keyof (Omit<Database, "__InternalSupabase">[("public" extends Exclude<keyof Database, "__InternalSupabase"> ? "public" : string & Exclude<...>) extends "public" ? "public" & ("public" extends Exclude<...> ? "public" : string & Exclude<...>) : "public"] extends GenericSchema ? Omit<...>[("public" extend...'.
428:domains/wbs/repositories/wbsRepository.ts(184,24): error TS2345: Argument of type 'boolean' is not assignable to parameter of type '("is_active" extends keyof (Omit<Database, "__InternalSupabase">[("public" extends Exclude<keyof Database, "__InternalSupabase"> ? "public" : string & Exclude<...>) extends "public" ? "public" & ("public" extends Exclude<...> ? "public" : string & Exclude<...>) : "public"] extends GenericSchema ? Omit<...>[("public"...'.
429:domains/wbs/repositories/wbsRepository.ts(187,43): error TS2339: Property 'id' does not exist on type 'SelectQueryError<"Processing node failed."> | SelectQueryError<"Could not retrieve a valid record or error value"> | { id: any; vendor_name: any; vendor_code: any; }'.
430:domains/wbs/repositories/wbsRepository.ts(187,55): error TS2339: Property 'vendor_name' does not exist on type 'SelectQueryError<"Processing node failed."> | SelectQueryError<"Could not retrieve a valid record or error value"> | { id: any; vendor_name: any; vendor_code: any; }'.
431:domains/wbs/repositories/wbsRepository.ts(187,76): error TS2339: Property 'vendor_code' does not exist on type 'SelectQueryError<"Processing node failed."> | SelectQueryError<"Could not retrieve a valid record or error value"> | { id: any; vendor_name: any; vendor_code: any; }'.
432:domains/wbs/repositories/wbsRepository.ts(196,17): error TS2345: Argument of type 'string' is not assignable to parameter of type '("id" extends keyof (Omit<Database, "__InternalSupabase">[("public" extends Exclude<keyof Database, "__InternalSupabase"> ? "public" : string & Exclude<...>) extends "public" ? "public" & ("public" extends Exclude<...> ? "public" : string & Exclude<...>) : "public"] extends GenericSchema ? Omit<...>[("public" extend...'.
433:domains/wbs/repositories/wbsRepository.ts(208,25): error TS2345: Argument of type 'string' is not assignable to parameter of type '("project_id" extends keyof (Omit<Database, "__InternalSupabase">[("public" extends Exclude<keyof Database, "__InternalSupabase"> ? "public" : string & Exclude<...>) extends "public" ? "public" & ("public" extends Exclude<...> ? "public" : string & Exclude<...>) : "public"] extends GenericSchema ? Omit<...>[("public...'.
434:domains/wbs/repositories/wbsRepository.ts(211,29): error TS2345: Argument of type 'string' is not assignable to parameter of type '("parent_id" extends keyof (Omit<Database, "__InternalSupabase">[("public" extends Exclude<keyof Database, "__InternalSupabase"> ? "public" : string & Exclude<...>) extends "public" ? "public" & ("public" extends Exclude<...> ? "public" : string & Exclude<...>) : "public"] extends GenericSchema ? Omit<...>[("public"...'.
435:domains/wbs/repositories/wbsRepository.ts(226,26): error TS2345: Argument of type 'string' is not assignable to parameter of type '("wbs_node_id" extends keyof (Omit<Database, "__InternalSupabase">[("public" extends Exclude<keyof Database, "__InternalSupabase"> ? "public" : string & Exclude<...>) extends "public" ? "public" & ("public" extends Exclude<...> ? "public" : string & Exclude<...>) : "public"] extends GenericSchema ? Omit<...>[("publi...'.
436:domains/wbs/wbsServices.ts(66,5): error TS2322: Type 'GetResult<Omit<Database, "__InternalSupabase">[("public" extends Exclude<keyof Database, "__InternalSupabase"> ? "public" : string & Exclude<keyof Database, "__InternalSupabase">) extends "public" ? "public" & ("public" extends Exclude<...> ? "public" : string & Exclude<...>) : "public"] extends GenericSchema ? Omit...' is not assignable to type 'WBSNode[]'.
437:domains/wbs/wbsServices.ts(72,5): error TS2322: Type 'GetResult<Omit<Database, "__InternalSupabase">[("public" extends Exclude<keyof Database, "__InternalSupabase"> ? "public" : string & Exclude<keyof Database, "__InternalSupabase">) extends "public" ? "public" & ("public" extends Exclude<...> ? "public" : string & Exclude<...>) : "public"] extends GenericSchema ? Omit...' is not assignable to type 'WBSNode[]'.
438:domains/wbs/wbsServices.ts(77,5): error TS2322: Type 'GetResult<Omit<Database, "__InternalSupabase">[("public" extends Exclude<keyof Database, "__InternalSupabase"> ? "public" : string & Exclude<keyof Database, "__InternalSupabase">) extends "public" ? "public" & ("public" extends Exclude<...> ? "public" : string & Exclude<...>) : "public"] extends GenericSchema ? Omit...' is not assignable to type 'WBSNode'.
439:domains/wbs/wbsServices.ts(81,5): error TS2322: Type 'GetResult<Omit<Database, "__InternalSupabase">[("public" extends Exclude<keyof Database, "__InternalSupabase"> ? "public" : string & Exclude<keyof Database, "__InternalSupabase">) extends "public" ? "public" & ("public" extends Exclude<...> ? "public" : string & Exclude<...>) : "public"] extends GenericSchema ? Omit...' is not assignable to type 'WBSNode'.
440:domains/wbs/wbsServices.ts(91,7): error TS2322: Type 'GetResult<Omit<Database, "__InternalSupabase">[("public" extends Exclude<keyof Database, "__InternalSupabase"> ? "public" : string & Exclude<keyof Database, "__InternalSupabase">) extends "public" ? "public" & ("public" extends Exclude<...> ? "public" : string & Exclude<...>) : "public"] extends GenericSchema ? Omit...' is not assignable to type 'Activity[]'.
441:domains/wbs/wbsServices.ts(93,5): error TS2322: Type 'GetResult<Omit<Database, "__InternalSupabase">[("public" extends Exclude<keyof Database, "__InternalSupabase"> ? "public" : string & Exclude<keyof Database, "__InternalSupabase">) extends "public" ? "public" & ("public" extends Exclude<...> ? "public" : string & Exclude<...>) : "public"] extends GenericSchema ? Omit...' is not assignable to type 'Activity[]'.
442:domains/wbs/wbsServices.ts(98,5): error TS2322: Type 'GetResult<Omit<Database, "__InternalSupabase">[("public" extends Exclude<keyof Database, "__InternalSupabase"> ? "public" : string & Exclude<keyof Database, "__InternalSupabase">) extends "public" ? "public" & ("public" extends Exclude<...> ? "public" : string & Exclude<...>) : "public"] extends GenericSchema ? Omit...' is not assignable to type 'Activity'.
443:domains/wbs/wbsServices.ts(102,5): error TS2322: Type 'GetResult<Omit<Database, "__InternalSupabase">[("public" extends Exclude<keyof Database, "__InternalSupabase"> ? "public" : string & Exclude<keyof Database, "__InternalSupabase">) extends "public" ? "public" & ("public" extends Exclude<...> ? "public" : string & Exclude<...>) : "public"] extends GenericSchema ? Omit...' is not assignable to type 'Activity'.
444:domains/wbs/wbsServices.ts(111,5): error TS2322: Type 'GetResult<Omit<Database, "__InternalSupabase">[("public" extends Exclude<keyof Database, "__InternalSupabase"> ? "public" : string & Exclude<keyof Database, "__InternalSupabase">) extends "public" ? "public" & ("public" extends Exclude<...> ? "public" : string & Exclude<...>) : "public"] extends GenericSchema ? Omit...' is not assignable to type 'Task[]'.
445:domains/wbs/wbsServices.ts(115,5): error TS2322: Type 'GetResult<Omit<Database, "__InternalSupabase">[("public" extends Exclude<keyof Database, "__InternalSupabase"> ? "public" : string & Exclude<keyof Database, "__InternalSupabase">) extends "public" ? "public" & ("public" extends Exclude<...> ? "public" : string & Exclude<...>) : "public"] extends GenericSchema ? Omit...' is not assignable to type 'Task'.
446:domains/wbs/wbsServices.ts(119,5): error TS2322: Type 'GetResult<Omit<Database, "__InternalSupabase">[("public" extends Exclude<keyof Database, "__InternalSupabase"> ? "public" : string & Exclude<keyof Database, "__InternalSupabase">) extends "public" ? "public" & ("public" extends Exclude<...> ? "public" : string & Exclude<...>) : "public"] extends GenericSchema ? Omit...' is not assignable to type 'Task'.
447:domains/wbs/wbsServices.ts(148,22): error TS2339: Property 'code' does not exist on type 'SelectQueryError<"Processing node failed."> | SelectQueryError<"Could not retrieve a valid record or error value"> | { code: any; }'.
448:domains/wbs/wbsServices.ts(157,23): error TS2339: Property 'code' does not exist on type 'SelectQueryError<"Processing node failed."> | SelectQueryError<"Could not retrieve a valid record or error value"> | { code: any; }'.
449:finance-engine-examples.ts(4,51): error TS2307: Cannot find module './ModernFinanceEngine' or its corresponding type declarations.
450:hooks/useNumberRanges.ts(49,45): error TS2551: Property 'getAllNumberRanges' does not exist on type 'NumberRangeService'. Did you mean 'getNumberRanges'?
451:hooks/useNumberRanges.ts(60,48): error TS2339: Property 'getNumberRangeStatistics' does not exist on type 'NumberRangeRepository'.
452:hooks/useNumberRanges.ts(69,45): error TS2551: Property 'getNumberRangeAlerts' does not exist on type 'NumberRangeService'. Did you mean 'getNumberRanges'?
453:hooks/useNumberRanges.ts(87,33): error TS2339: Property 'configureCompanyNumberRanges' does not exist on type 'NumberRangeRepository'.
454:lib/authMiddleware.ts(50,19): error TS2345: Argument of type 'string' is not assignable to parameter of type '("id" extends keyof (Omit<Database, "__InternalSupabase">[("public" extends Exclude<keyof Database, "__InternalSupabase"> ? "public" : string & Exclude<...>) extends "public" ? "public" & ("public" extends Exclude<...> ? "public" : string & Exclude<...>) : "public"] extends GenericSchema ? Omit<...>[("public" extend...'.
455:lib/authMiddleware.ts(53,55): error TS2339: Property 'tenant_id' does not exist on type 'SelectQueryError<"Processing node failed."> | SelectQueryError<"Could not retrieve a valid record or error value"> | { tenant_id: any; }'.
456:lib/authMiddleware.ts(60,23): error TS2339: Property 'hasPermission' does not exist on type 'AuthorizationService'.
457:lib/contexts/AuthContext.tsx(118,52): error TS2339: Property 'tenant_id' does not exist on type '{ created_at: string; department: string; email: string; employee_code: string; first_name: string; id: string; is_active: boolean; last_name: string; role_id: string; updated_at: string; roles: { ...; }; tenants: SelectQueryError<...>; }'.
458:lib/contexts/AuthContext.tsx(121,43): error TS2339: Property 'subdomain' does not exist on type 'SelectQueryError<"could not find the relation between users and tenants">'.
459:lib/contexts/AuthContext.tsx(127,41): error TS2339: Property 'tenant_id' does not exist on type '{ created_at: string; department: string; email: string; employee_code: string; first_name: string; id: string; is_active: boolean; last_name: string; role_id: string; updated_at: string; roles: { ...; }; tenants: SelectQueryError<...>; }'.
460:lib/contexts/AuthContext.tsx(145,39): error TS2339: Property 'tenant_id' does not exist on type '{ created_at: string; department: string; email: string; employee_code: string; first_name: string; id: string; is_active: boolean; last_name: string; role_id: string; updated_at: string; roles: { ...; }; tenants: SelectQueryError<...>; }'.
461:lib/contexts/AuthContext.tsx(173,48): error TS2345: Argument of type '"set_current_tenant"' is not assignable to parameter of type '"allocate_indirect_costs" | "analyze_resource_planning_performance" | "apply_approval_template" | "assign_all_objects_to_role" | "assign_cascading_authorization" | "assign_role_authorizations" | ... 58 more ... | "validate_data_integrity"'.
462:lib/permissions/authorization-checker.ts(1,30): error TS2307: Cannot find module '@/lib/supabase-server' or its corresponding type declarations.
463:lib/restorePoint.ts(17,14): error TS2323: Cannot redeclare exported variable 'RestorePointManager'.
464:lib/restorePoint.ts(144,10): error TS2323: Cannot redeclare exported variable 'RestorePointManager'.
465:lib/restorePoint.ts(144,10): error TS2484: Export declaration conflicts with exported declaration of 'RestorePointManager'.
466:lib/services/authorizationRepository.ts(85,55): error TS2339: Property 'module' does not exist on type '{ module: any; }[]'.
467:lib/services/BulkOperationsService.ts(212,27): error TS2339: Property 'name' does not exist on type '{ name: any; }[]'.
468:lib/services/ctc.service.ts(49,5): error TS2740: Type '{}' is missing the following properties from type 'CTCData': project_id, project_name, calculation_date, total_budget, and 10 more.
469:lib/services/ctc.service.ts(74,5): error TS2740: Type '{}' is missing the following properties from type 'TaskCTCData': task_id, task_name, budget_amount, actual_amount, and 3 more.
470:lib/services/ctc.service.ts(92,5): error TS2740: Type '{}' is missing the following properties from type 'AdvancedCTCData': project_id, current_ctc, burn_rate_ctc, trend_ctc, and 2 more.
471:lib/services/dataIntegrityService.ts(19,10): error TS2339: Property 'rpc' does not exist on type 'Promise<SupabaseClient<Database, "public" extends Exclude<keyof Database, "__InternalSupabase"> ? "public" : string & Exclude<keyof Database, "__InternalSupabase">, ("public" extends Exclude<...> ? "public" : string & Exclude<...>) extends "public" ? "public" & ("public" extends Exclude<...> ? "public" : string & Ex...'.
472:lib/services/dataIntegrityService.ts(36,10): error TS2339: Property 'from' does not exist on type 'Promise<SupabaseClient<Database, "public" extends Exclude<keyof Database, "__InternalSupabase"> ? "public" : string & Exclude<keyof Database, "__InternalSupabase">, ("public" extends Exclude<...> ? "public" : string & Exclude<...>) extends "public" ? "public" & ("public" extends Exclude<...> ? "public" : string & Ex...'.
473:lib/services/dataIntegrityService.ts(56,10): error TS2339: Property 'from' does not exist on type 'Promise<SupabaseClient<Database, "public" extends Exclude<keyof Database, "__InternalSupabase"> ? "public" : string & Exclude<keyof Database, "__InternalSupabase">, ("public" extends Exclude<...> ? "public" : string & Exclude<...>) extends "public" ? "public" & ("public" extends Exclude<...> ? "public" : string & Ex...'.
474:lib/services/dataIntegrityService.ts(76,10): error TS2339: Property 'from' does not exist on type 'Promise<SupabaseClient<Database, "public" extends Exclude<keyof Database, "__InternalSupabase"> ? "public" : string & Exclude<keyof Database, "__InternalSupabase">, ("public" extends Exclude<...> ? "public" : string & Exclude<...>) extends "public" ? "public" & ("public" extends Exclude<...> ? "public" : string & Ex...'.
475:lib/services/dataIntegrityService.ts(96,10): error TS2339: Property 'from' does not exist on type 'Promise<SupabaseClient<Database, "public" extends Exclude<keyof Database, "__InternalSupabase"> ? "public" : string & Exclude<keyof Database, "__InternalSupabase">, ("public" extends Exclude<...> ? "public" : string & Exclude<...>) extends "public" ? "public" & ("public" extends Exclude<...> ? "public" : string & Ex...'.
476:lib/services/dataIntegrityService.ts(120,10): error TS2339: Property 'from' does not exist on type 'Promise<SupabaseClient<Database, "public" extends Exclude<keyof Database, "__InternalSupabase"> ? "public" : string & Exclude<keyof Database, "__InternalSupabase">, ("public" extends Exclude<...> ? "public" : string & Exclude<...>) extends "public" ? "public" & ("public" extends Exclude<...> ? "public" : string & Ex...'.
477:lib/services/dataIntegrityService.ts(138,16): error TS2339: Property 'from' does not exist on type 'Promise<SupabaseClient<Database, "public" extends Exclude<keyof Database, "__InternalSupabase"> ? "public" : string & Exclude<keyof Database, "__InternalSupabase">, ("public" extends Exclude<...> ? "public" : string & Exclude<...>) extends "public" ? "public" & ("public" extends Exclude<...> ? "public" : string & Ex...'.
478:lib/services/documentNumberingService.ts(64,55): error TS2345: Argument of type '"get_next_number_by_group"' is not assignable to parameter of type '"allocate_indirect_costs" | "analyze_resource_planning_performance" | "apply_approval_template" | "assign_all_objects_to_role" | "assign_cascading_authorization" | "assign_role_authorizations" | ... 58 more ... | "validate_data_integrity"'.
479:lib/services/documentNumberingService.ts(72,9): error TS2322: Type '{ details: string; issue_count: number; issue_type: string; table_name: string; }[]' is not assignable to type 'string'.
480:lib/services/evm.service.ts(50,5): error TS2740: Type '{}' is missing the following properties from type 'EVMData': project_id, project_name, status_date, planned_value, and 13 more.
481:lib/services/evm.service.ts(94,5): error TS2740: Type '{}' is missing the following properties from type 'TaskEVMData': task_id, task_name, planned_value, earned_value, and 3 more.
482:lib/services/margin.service.ts(52,5): error TS2740: Type '{}' is missing the following properties from type 'MarginAnalysisData': project_id, project_name, contract_value, planned_cost, and 13 more.
483:lib/services/masterDataNumberingService.ts(39,55): error TS2345: Argument of type '"get_next_number_by_group"' is not assignable to parameter of type '"allocate_indirect_costs" | "analyze_resource_planning_performance" | "apply_approval_template" | "assign_all_objects_to_role" | "assign_cascading_authorization" | "assign_role_authorizations" | ... 58 more ... | "validate_data_integrity"'.
484:lib/services/masterDataNumberingService.ts(47,7): error TS2322: Type '{ details: string; issue_count: number; issue_type: string; table_name: string; }[]' is not assignable to type 'string'.
485:lib/services/masterDataService.ts(4,10): error TS2305: Module '"@/lib/supabase/server"' has no exported member 'createClient'.
486:lib/services/resourcePlanning.service.ts(41,17): error TS2345: Argument of type 'string' is not assignable to parameter of type '("id" extends keyof (Omit<Database, "__InternalSupabase">[("public" extends Exclude<keyof Database, "__InternalSupabase"> ? "public" : string & Exclude<...>) extends "public" ? "public" & ("public" extends Exclude<...> ? "public" : string & Exclude<...>) : "public"] extends GenericSchema ? Omit<...>[("public" extend...'.
487:lib/services/resourcePlanning.service.ts(57,26): error TS2345: Argument of type 'string' is not assignable to parameter of type '("activity_id" extends keyof (Omit<Database, "__InternalSupabase">[("public" extends Exclude<keyof Database, "__InternalSupabase"> ? "public" : string & Exclude<...>) extends "public" ? "public" & ("public" extends Exclude<...> ? "public" : string & Exclude<...>) : "public"] extends GenericSchema ? Omit<...>[("publi...'.
488:lib/services/resourcePlanning.service.ts(59,66): error TS2339: Property 'required_quantity' does not exist on type 'SelectQueryError<"Processing node failed."> | SelectQueryError<"Could not retrieve a valid record or error value"> | { required_quantity: any; unit_cost: any; }'.
489:lib/services/resourcePlanning.service.ts(59,88): error TS2339: Property 'unit_cost' does not exist on type 'SelectQueryError<"Processing node failed."> | SelectQueryError<"Could not retrieve a valid record or error value"> | { required_quantity: any; unit_cost: any; }'.
490:lib/services/resourcePlanning.service.ts(64,26): error TS2345: Argument of type 'string' is not assignable to parameter of type '("activity_id" extends keyof (Omit<Database, "__InternalSupabase">[("public" extends Exclude<keyof Database, "__InternalSupabase"> ? "public" : string & Exclude<...>) extends "public" ? "public" & ("public" extends Exclude<...> ? "public" : string & Exclude<...>) : "public"] extends GenericSchema ? Omit<...>[("publi...'.
491:lib/services/resourcePlanning.service.ts(66,67): error TS2339: Property 'required_hours' does not exist on type 'SelectQueryError<"Processing node failed."> | SelectQueryError<"Could not retrieve a valid record or error value"> | { required_hours: any; hourly_rate: any; }'.
492:lib/services/resourcePlanning.service.ts(66,86): error TS2339: Property 'hourly_rate' does not exist on type 'SelectQueryError<"Processing node failed."> | SelectQueryError<"Could not retrieve a valid record or error value"> | { required_hours: any; hourly_rate: any; }'.
493:lib/services/resourcePlanning.service.ts(71,26): error TS2345: Argument of type 'string' is not assignable to parameter of type '("activity_id" extends keyof (Omit<Database, "__InternalSupabase">[("public" extends Exclude<keyof Database, "__InternalSupabase"> ? "public" : string & Exclude<...>) extends "public" ? "public" & ("public" extends Exclude<...> ? "public" : string & Exclude<...>) : "public"] extends GenericSchema ? Omit<...>[("publi...'.
494:lib/services/resourcePlanning.service.ts(73,65): error TS2339: Property 'required_hours' does not exist on type 'SelectQueryError<"Processing node failed."> | SelectQueryError<"Could not retrieve a valid record or error value"> | { required_hours: any; hourly_rate: any; }'.
495:lib/services/resourcePlanning.service.ts(73,84): error TS2339: Property 'hourly_rate' does not exist on type 'SelectQueryError<"Processing node failed."> | SelectQueryError<"Could not retrieve a valid record or error value"> | { required_hours: any; hourly_rate: any; }'.
496:lib/services/resourcePlanning.service.ts(78,26): error TS2345: Argument of type 'string' is not assignable to parameter of type '("activity_id" extends keyof (Omit<Database, "__InternalSupabase">[("public" extends Exclude<keyof Database, "__InternalSupabase"> ? "public" : string & Exclude<...>) extends "public" ? "public" & ("public" extends Exclude<...> ? "public" : string & Exclude<...>) : "public"] extends GenericSchema ? Omit<...>[("publi...'.
497:lib/services/resourcePlanning.service.ts(80,64): error TS2339: Property 'unit_cost' does not exist on type 'SelectQueryError<"Processing node failed."> | SelectQueryError<"Could not retrieve a valid record or error value"> | { unit_cost: any; }'.
498:lib/services/resourcePlanning.service.ts(85,26): error TS2345: Argument of type 'string' is not assignable to parameter of type '("activity_id" extends keyof (Omit<Database, "__InternalSupabase">[("public" extends Exclude<keyof Database, "__InternalSupabase"> ? "public" : string & Exclude<...>) extends "public" ? "public" & ("public" extends Exclude<...> ? "public" : string & Exclude<...>) : "public"] extends GenericSchema ? Omit<...>[("publi...'.
499:lib/services/resourcePlanning.service.ts(87,75): error TS2339: Property 'contract_value' does not exist on type 'SelectQueryError<"Processing node failed."> | SelectQueryError<"Could not retrieve a valid record or error value"> | { contract_value: any; }'.
500:lib/services/resourcePlanning.service.ts(96,37): error TS2339: Property 'code' does not exist on type 'SelectQueryError<"Processing node failed."> | SelectQueryError<"Could not retrieve a valid record or error value"> | { code: any; }'.
501:lib/services/resourcePlanning.service.ts(97,27): error TS2345: Argument of type 'string' is not assignable to parameter of type '("debit_credit" extends keyof (Omit<Database, "__InternalSupabase">[("public" extends Exclude<keyof Database, "__InternalSupabase"> ? "public" : string & Exclude<...>) extends "public" ? "public" & ("public" extends Exclude<...> ? "public" : string & Exclude<...>) : "public"] extends GenericSchema ? Omit<...>[("publ...'.
502:lib/services/resourcePlanning.service.ts(98,46): error TS2345: Argument of type 'string' is not assignable to parameter of type 'ResolveFilterRelationshipValue<Omit<Database, "__InternalSupabase">[("public" extends Exclude<keyof Database, "__InternalSupabase"> ? "public" : string & Exclude<keyof Database, "__InternalSupabase">) extends "public" ? "public" & ("public" extends Exclude<...> ? "public" : string & Exclude<...>) : "public"] extends...'.
503:lib/services/resourcePlanning.service.ts(100,84): error TS2339: Property 'company_amount' does not exist on type 'SelectQueryError<"Processing node failed."> | SelectQueryError<"Could not retrieve a valid record or error value"> | { company_amount: any; cost_elements: { ...; }[]; } | { [K in keyof (FindDuplicatesWithinDeduplicated<...> extends infer Duplicates ? Duplicates extends never ? false : Duplicates extends { ...; } ? F...'.
504:lib/services/resourcePlanning.service.ts(106,37): error TS2339: Property 'code' does not exist on type 'SelectQueryError<"Processing node failed."> | SelectQueryError<"Could not retrieve a valid record or error value"> | { code: any; }'.
505:lib/services/resourcePlanning.service.ts(107,27): error TS2345: Argument of type 'string' is not assignable to parameter of type '("debit_credit" extends keyof (Omit<Database, "__InternalSupabase">[("public" extends Exclude<keyof Database, "__InternalSupabase"> ? "public" : string & Exclude<...>) extends "public" ? "public" & ("public" extends Exclude<...> ? "public" : string & Exclude<...>) : "public"] extends GenericSchema ? Omit<...>[("publ...'.
506:lib/services/resourcePlanning.service.ts(108,46): error TS2345: Argument of type 'string' is not assignable to parameter of type 'ResolveFilterRelationshipValue<Omit<Database, "__InternalSupabase">[("public" extends Exclude<keyof Database, "__InternalSupabase"> ? "public" : string & Exclude<keyof Database, "__InternalSupabase">) extends "public" ? "public" & ("public" extends Exclude<...> ? "public" : string & Exclude<...>) : "public"] extends...'.
507:lib/services/resourcePlanning.service.ts(110,86): error TS2339: Property 'company_amount' does not exist on type 'SelectQueryError<"Processing node failed."> | SelectQueryError<"Could not retrieve a valid record or error value"> | { company_amount: any; cost_elements: { ...; }[]; } | { [K in keyof (FindDuplicatesWithinDeduplicated<...> extends infer Duplicates ? Duplicates extends never ? false : Duplicates extends { ...; } ? F...'.
508:lib/services/resourcePlanning.service.ts(116,37): error TS2339: Property 'code' does not exist on type 'SelectQueryError<"Processing node failed."> | SelectQueryError<"Could not retrieve a valid record or error value"> | { code: any; }'.
509:lib/services/resourcePlanning.service.ts(117,27): error TS2345: Argument of type 'string' is not assignable to parameter of type '("debit_credit" extends keyof (Omit<Database, "__InternalSupabase">[("public" extends Exclude<keyof Database, "__InternalSupabase"> ? "public" : string & Exclude<...>) extends "public" ? "public" & ("public" extends Exclude<...> ? "public" : string & Exclude<...>) : "public"] extends GenericSchema ? Omit<...>[("publ...'.
510:lib/services/resourcePlanning.service.ts(118,46): error TS2345: Argument of type 'string' is not assignable to parameter of type 'ResolveFilterRelationshipValue<Omit<Database, "__InternalSupabase">[("public" extends Exclude<keyof Database, "__InternalSupabase"> ? "public" : string & Exclude<keyof Database, "__InternalSupabase">) extends "public" ? "public" & ("public" extends Exclude<...> ? "public" : string & Exclude<...>) : "public"] extends...'.
511:lib/services/resourcePlanning.service.ts(120,84): error TS2339: Property 'company_amount' does not exist on type 'SelectQueryError<"Processing node failed."> | SelectQueryError<"Could not retrieve a valid record or error value"> | { company_amount: any; cost_elements: { ...; }[]; } | { [K in keyof (FindDuplicatesWithinDeduplicated<...> extends infer Duplicates ? Duplicates extends never ? false : Duplicates extends { ...; } ? F...'.
512:lib/services/resourcePlanning.service.ts(126,37): error TS2339: Property 'code' does not exist on type 'SelectQueryError<"Processing node failed."> | SelectQueryError<"Could not retrieve a valid record or error value"> | { code: any; }'.
513:lib/services/resourcePlanning.service.ts(127,27): error TS2345: Argument of type 'string' is not assignable to parameter of type '("debit_credit" extends keyof (Omit<Database, "__InternalSupabase">[("public" extends Exclude<keyof Database, "__InternalSupabase"> ? "public" : string & Exclude<...>) extends "public" ? "public" & ("public" extends Exclude<...> ? "public" : string & Exclude<...>) : "public"] extends GenericSchema ? Omit<...>[("publ...'.
514:lib/services/resourcePlanning.service.ts(128,46): error TS2345: Argument of type 'string' is not assignable to parameter of type 'ResolveFilterRelationshipValue<Omit<Database, "__InternalSupabase">[("public" extends Exclude<keyof Database, "__InternalSupabase"> ? "public" : string & Exclude<keyof Database, "__InternalSupabase">) extends "public" ? "public" & ("public" extends Exclude<...> ? "public" : string & Exclude<...>) : "public"] extends...'.
515:lib/services/resourcePlanning.service.ts(130,84): error TS2339: Property 'company_amount' does not exist on type 'SelectQueryError<"Processing node failed."> | SelectQueryError<"Could not retrieve a valid record or error value"> | { company_amount: any; cost_elements: { ...; }[]; } | { [K in keyof (FindDuplicatesWithinDeduplicated<...> extends infer Duplicates ? Duplicates extends never ? false : Duplicates extends { ...; } ? F...'.
516:lib/services/resourcePlanning.service.ts(136,37): error TS2339: Property 'code' does not exist on type 'SelectQueryError<"Processing node failed."> | SelectQueryError<"Could not retrieve a valid record or error value"> | { code: any; }'.
517:lib/services/resourcePlanning.service.ts(137,27): error TS2345: Argument of type 'string' is not assignable to parameter of type '("debit_credit" extends keyof (Omit<Database, "__InternalSupabase">[("public" extends Exclude<keyof Database, "__InternalSupabase"> ? "public" : string & Exclude<...>) extends "public" ? "public" & ("public" extends Exclude<...> ? "public" : string & Exclude<...>) : "public"] extends GenericSchema ? Omit<...>[("publ...'.
518:lib/services/resourcePlanning.service.ts(138,46): error TS2345: Argument of type 'string' is not assignable to parameter of type 'ResolveFilterRelationshipValue<Omit<Database, "__InternalSupabase">[("public" extends Exclude<keyof Database, "__InternalSupabase"> ? "public" : string & Exclude<keyof Database, "__InternalSupabase">) extends "public" ? "public" & ("public" extends Exclude<...> ? "public" : string & Exclude<...>) : "public"] extends...'.
519:lib/services/resourcePlanning.service.ts(140,94): error TS2339: Property 'company_amount' does not exist on type 'SelectQueryError<"Processing node failed."> | SelectQueryError<"Could not retrieve a valid record or error value"> | { company_amount: any; cost_elements: { ...; }[]; } | { [K in keyof (FindDuplicatesWithinDeduplicated<...> extends infer Duplicates ? Duplicates extends never ? false : Duplicates extends { ...; } ? F...'.
520:lib/supabase/server.ts(14,9): error TS2769: No overload matches this call.
521:lib/tenant-auth.ts(23,9): error TS2769: No overload matches this call.
522:lib/withAuth.ts(16,15): error TS2345: Argument of type 'string' is not assignable to parameter of type '("id" extends keyof (Omit<Database, "__InternalSupabase">[("public" extends Exclude<keyof Database, "__InternalSupabase"> ? "public" : string & Exclude<...>) extends "public" ? "public" & ("public" extends Exclude<...> ? "public" : string & Exclude<...>) : "public"] extends GenericSchema ? Omit<...>[("public" extend...'.
523:lib/withAuth.ts(19,29): error TS2339: Property 'roles' does not exist on type 'SelectQueryError<"Processing node failed."> | SelectQueryError<"Could not retrieve a valid record or error value"> | { [K in keyof (FindDuplicatesWithinDeduplicated<(ResolveRelationship<Omit<Database, "__InternalSupabase">[("public" extends Exclude<...> ? "public" : string & Exclude<...>) extends "public" ? "public"...'.
524:middleware.ts(96,40): error TS2339: Property 'subdomain' does not exist on type '{ subdomain: any; }[]'.
525:middleware.ts(96,83): error TS2339: Property 'subdomain' does not exist on type '{ subdomain: any; }[]'.
526:types/construction-authorization.ts(1,19): error TS2307: Cannot find module 'zod' or its corresponding type declarations.
527:types/enhanced-tiles.ts(1,19): error TS2307: Cannot find module 'zod' or its corresponding type declarations.
528:types/forms.ts(44,3): error TS2741: Property 'request_number' is missing in type '{ request_type: "MATERIAL_REQ"; priority: "MEDIUM" | "LOW" | "HIGH" | "URGENT"; required_date: string; company_code: string; plant_code: string; cost_center: string; wbs_element: string; ... 7 more ...; created_by: string; }' but required in type '{ id?: string; request_number: string; request_type: "RESERVATION" | "PURCHASE_REQ" | "MATERIAL_REQ"; status?: "DRAFT" | "FULFILLED" | "CANCELLED" | "SUBMITTED" | "APPROVED" | "REJECTED" | "CONVERTED"; ... 14 more ...; created_by: string; }'.
529:types/index.ts(65,3): error TS2305: Module '"./repositories"' has no exported member 'ActivitiesRepository'.
530:types/index.ts(67,3): error TS2724: '"./repositories"' has no exported member named 'VendorsRepository'. Did you mean 'VendorRepository'?
531:types/index.ts(68,3): error TS2305: Module '"./repositories"' has no exported member 'PurchaseOrdersRepository'.
532:types/index.ts(70,3): error TS2724: '"./repositories"' has no exported member named 'StockItemsRepository'. Did you mean 'StoresRepository'?
533:types/index.ts(71,3): error TS2724: '"./repositories"' has no exported member named 'StockBalancesRepository'. Did you mean 'StoresRepository'?
534:types/index.ts(72,3): error TS2305: Module '"./repositories"' has no exported member 'StockMovementsRepository'.
535:types/index.ts(74,3): error TS2724: '"./repositories"' has no exported member named 'TimesheetEntriesRepository'. Did you mean 'TimesheetsRepository'?
536:types/rbac.ts(1,19): error TS2307: Cannot find module 'zod' or its corresponding type declarations.
537:types/repositories/base.repository.ts(24,17): error TS2345: Argument of type 'string' is not assignable to parameter of type '("id" extends keyof { account_assignment_categories: { Row: { category_code: string; category_name: string; description: string; is_active: boolean; }; Insert: { category_code: string; category_name?: string; description?: string; is_active?: boolean; }; Update: { ...; }; Relationships: []; }; ... 158 more ...; work...'.
538:types/repositories/base.repository.ts(28,5): error TS2322: Type '({ account_assignment_categories: { Row: { category_code: string; category_name: string; description: string; is_active: boolean; }; Insert: { category_code: string; category_name?: string; description?: string; is_active?: boolean; }; Update: { ...; }; Relationships: []; }; ... 158 more ...; workflow_steps: { ...; ...' is not assignable to type '{ account_assignment_categories: { Row: { category_code: string; category_name: string; description: string; is_active: boolean; }; Insert: { category_code: string; category_name?: string; description?: string; is_active?: boolean; }; Update: { ...; }; Relationships: []; }; ... 158 more ...; workflow_steps: { ...; }...'.
539:types/repositories/base.repository.ts(37,5): error TS2322: Type '(({ account_assignment_categories: { Row: { category_code: string; category_name: string; description: string; is_active: boolean; }; Insert: { category_code: string; category_name?: string; description?: string; is_active?: boolean; }; Update: { ...; }; Relationships: []; }; ... 158 more ...; workflow_steps: { ...;...' is not assignable to type '{ account_assignment_categories: { Row: { category_code: string; category_name: string; description: string; is_active: boolean; }; Insert: { category_code: string; category_name?: string; description?: string; is_active?: boolean; }; Update: { ...; }; Relationships: []; }; ... 158 more ...; workflow_steps: { ...; }...'.
540:types/repositories/base.repository.ts(43,15): error TS2769: No overload matches this call.
541:types/repositories/base.repository.ts(48,5): error TS2322: Type '({ account_assignment_categories: { Row: { category_code: string; category_name: string; description: string; is_active: boolean; }; Insert: { category_code: string; category_name?: string; description?: string; is_active?: boolean; }; Update: { ...; }; Relationships: []; }; ... 158 more ...; workflow_steps: { ...; ...' is not assignable to type '{ account_assignment_categories: { Row: { category_code: string; category_name: string; description: string; is_active: boolean; }; Insert: { category_code: string; category_name?: string; description?: string; is_active?: boolean; }; Update: { ...; }; Relationships: []; }; ... 158 more ...; workflow_steps: { ...; }...'.
542:types/repositories/base.repository.ts(54,15): error TS2345: Argument of type '{ account_assignment_categories: { Row: { category_code: string; category_name: string; description: string; is_active: boolean; }; Insert: { category_code: string; category_name?: string; description?: string; is_active?: boolean; }; Update: { ...; }; Relationships: []; }; ... 158 more ...; workflow_steps: { ...; }...' is not assignable to parameter of type '{ account_assignment_categories: { Row: { category_code: string; category_name: string; description: string; is_active: boolean; }; Insert: { category_code: string; category_name?: string; description?: string; is_active?: boolean; }; Update: { ...; }; Relationships: []; }; ... 158 more ...; workflow_steps: { ...; }...'.
543:types/repositories/base.repository.ts(55,17): error TS2345: Argument of type 'string' is not assignable to parameter of type '("id" extends keyof { account_assignment_categories: { Row: { category_code: string; category_name: string; description: string; is_active: boolean; }; Insert: { category_code: string; category_name?: string; description?: string; is_active?: boolean; }; Update: { ...; }; Relationships: []; }; ... 158 more ...; work...'.
544:types/repositories/base.repository.ts(60,5): error TS2322: Type '({ account_assignment_categories: { Row: { category_code: string; category_name: string; description: string; is_active: boolean; }; Insert: { category_code: string; category_name?: string; description?: string; is_active?: boolean; }; Update: { ...; }; Relationships: []; }; ... 158 more ...; workflow_steps: { ...; ...' is not assignable to type '{ account_assignment_categories: { Row: { category_code: string; category_name: string; description: string; is_active: boolean; }; Insert: { category_code: string; category_name?: string; description?: string; is_active?: boolean; }; Update: { ...; }; Relationships: []; }; ... 158 more ...; workflow_steps: { ...; }...'.
545:types/repositories/base.repository.ts(67,17): error TS2345: Argument of type 'string' is not assignable to parameter of type '("id" extends keyof { account_assignment_categories: { Row: { category_code: string; category_name: string; description: string; is_active: boolean; }; Insert: { category_code: string; category_name?: string; description?: string; is_active?: boolean; }; Update: { ...; }; Relationships: []; }; ... 158 more ...; work...'.
546:types/repositories/boq.repository.ts(5,36): error TS2314: Generic type 'BaseRepository<T>' requires 1 type argument(s).
547:types/repositories/boq.repository.ts(11,17): error TS2339: Property 'supabase' does not exist on type 'BOQRepository'.
548:types/repositories/boq.repository.ts(19,17): error TS2339: Property 'supabase' does not exist on type 'BOQRepository'.
549:types/repositories/boq.repository.ts(27,17): error TS2339: Property 'supabase' does not exist on type 'BOQRepository'.
550:types/repositories/boq.repository.ts(34,17): error TS2339: Property 'supabase' does not exist on type 'BOQRepository'.
551:types/repositories/boq.repository.ts(43,17): error TS2339: Property 'supabase' does not exist on type 'BOQRepository'.
552:types/repositories/boq.repository.ts(50,17): error TS2339: Property 'supabase' does not exist on type 'BOQRepository'.
553:types/repositories/dynamic-stores.repository.ts(54,35): error TS2589: Type instantiation is excessively deep and possibly infinite.
554:types/repositories/dynamic-stores.repository.ts(54,35): error TS2589: Type instantiation is excessively deep and possibly infinite.
555:types/repositories/dynamic-stores.repository.ts(55,13): error TS2769: No overload matches this call.
556:types/repositories/procurement-workflow.repository.ts(10,52): error TS2314: Generic type 'BaseRepository<T>' requires 1 type argument(s).
557:types/repositories/procurement-workflow.repository.ts(16,53): error TS2339: Property 'supabase' does not exist on type 'PurchaseRequisitionRepository'.
558:types/repositories/procurement-workflow.repository.ts(30,46): error TS2339: Property 'supabase' does not exist on type 'PurchaseRequisitionRepository'.
559:types/repositories/procurement-workflow.repository.ts(40,40): error TS2339: Property 'supabase' does not exist on type 'PurchaseRequisitionRepository'.
560:types/repositories/procurement-workflow.repository.ts(55,40): error TS2339: Property 'supabase' does not exist on type 'PurchaseRequisitionRepository'.
561:types/repositories/procurement-workflow.repository.ts(69,40): error TS2339: Property 'supabase' does not exist on type 'PurchaseRequisitionRepository'.
562:types/repositories/procurement-workflow.repository.ts(95,40): error TS2339: Property 'supabase' does not exist on type 'PurchaseRequisitionRepository'.
563:types/repositories/procurement-workflow.repository.ts(107,40): error TS2339: Property 'supabase' does not exist on type 'PurchaseRequisitionRepository'.
564:types/repositories/procurement-workflow.repository.ts(127,48): error TS2314: Generic type 'BaseRepository<T>' requires 1 type argument(s).
565:types/repositories/procurement-workflow.repository.ts(133,40): error TS2339: Property 'supabase' does not exist on type 'VendorQuotationRepository'.
566:types/repositories/procurement-workflow.repository.ts(147,40): error TS2339: Property 'supabase' does not exist on type 'VendorQuotationRepository'.
567:types/repositories/procurement-workflow.repository.ts(167,16): error TS2339: Property 'supabase' does not exist on type 'VendorQuotationRepository'.
568:types/repositories/procurement-workflow.repository.ts(173,40): error TS2339: Property 'supabase' does not exist on type 'VendorQuotationRepository'.
569:types/repositories/procurement-workflow.repository.ts(185,40): error TS2339: Property 'supabase' does not exist on type 'VendorQuotationRepository'.
570:types/repositories/procurement-workflow.repository.ts(217,44): error TS2314: Generic type 'BaseRepository<T>' requires 1 type argument(s).
571:types/repositories/procurement-workflow.repository.ts(223,62): error TS2339: Property 'supabase' does not exist on type 'SubcontractRepository'.
572:types/repositories/procurement-workflow.repository.ts(237,53): error TS2339: Property 'supabase' does not exist on type 'SubcontractRepository'.
573:types/repositories/procurement-workflow.repository.ts(248,40): error TS2339: Property 'supabase' does not exist on type 'SubcontractRepository'.
574:types/repositories/procurement-workflow.repository.ts(263,40): error TS2339: Property 'supabase' does not exist on type 'SubcontractRepository'.
575:types/repositories/procurement-workflow.repository.ts(278,40): error TS2339: Property 'supabase' does not exist on type 'SubcontractRepository'.
576:types/repositories/procurement-workflow.repository.ts(293,40): error TS2339: Property 'supabase' does not exist on type 'SubcontractRepository'.
577:types/repositories/procurement-workflow.repository.ts(305,62): error TS2339: Property 'supabase' does not exist on type 'SubcontractRepository'.
578:types/repositories/procurement-workflow.repository.ts(335,48): error TS2314: Generic type 'BaseRepository<T>' requires 1 type argument(s).
579:types/repositories/procurement-workflow.repository.ts(341,40): error TS2339: Property 'supabase' does not exist on type 'CostTransactionRepository'.
580:types/repositories/procurement-workflow.repository.ts(352,40): error TS2339: Property 'supabase' does not exist on type 'CostTransactionRepository'.
581:types/repositories/procurement-workflow.repository.ts(366,40): error TS2339: Property 'supabase' does not exist on type 'CostTransactionRepository'.
582:types/repositories/procurement-workflow.repository.ts(406,40): error TS2339: Property 'supabase' does not exist on type 'CostTransactionRepository'.
583:types/repositories/procurement-workflow.repository.ts(427,16): error TS2339: Property 'supabase' does not exist on type 'CostTransactionRepository'.
584:types/repositories/procurement.repository.ts(14,35): error TS2589: Type instantiation is excessively deep and possibly infinite.
585:types/repositories/procurement.repository.ts(37,35): error TS2589: Type instantiation is excessively deep and possibly infinite.
586:types/repositories/procurement.repository.ts(50,17): error TS2353: Object literal may only specify known properties, and 'rating' does not exist in type '{ address?: string; contact_person?: string; created_at?: string; email?: string; id?: string; is_active?: boolean; payment_terms_id?: string; phone?: string; vendor_category_id?: string; vendor_code?: string; vendor_name?: string; }'.
587:types/repositories/rbac.ts(2,62): error TS2307: Cannot find module '../types/rbac' or its corresponding type declarations.
588:types/repositories/stores.repository.ts(78,35): error TS2589: Type instantiation is excessively deep and possibly infinite.
589:types/repositories/tasks.repository.ts(111,49): error TS2589: Type instantiation is excessively deep and possibly infinite.
590:types/repositories/tasks.repository.ts(112,13): error TS2769: No overload matches this call.
591:types/repositories/tasks.repository.ts(118,34): error TS2589: Type instantiation is excessively deep and possibly infinite.
592:types/repositories/tasks.repository.ts(143,15): error TS2769: No overload matches this call.
593:types/repositories/tasks.repository.ts(144,17): error TS2769: No overload matches this call.
594:types/repositories/timesheet.repository.ts(11,41): error TS2314: Generic type 'BaseRepository<T>' requires 1 type argument(s).
595:types/repositories/timesheet.repository.ts(17,40): error TS2339: Property 'supabase' does not exist on type 'EmployeeRepository'.
596:types/repositories/timesheet.repository.ts(28,40): error TS2339: Property 'supabase' does not exist on type 'EmployeeRepository'.
597:types/repositories/timesheet.repository.ts(40,40): error TS2339: Property 'supabase' does not exist on type 'EmployeeRepository'.
598:types/repositories/timesheet.repository.ts(52,60): error TS2339: Property 'supabase' does not exist on type 'EmployeeRepository'.
599:types/repositories/timesheet.repository.ts(60,57): error TS2339: Property 'supabase' does not exist on type 'EmployeeRepository'.
600:types/repositories/timesheet.repository.ts(75,22): error TS2339: Property 'supabase' does not exist on type 'EmployeeRepository'.
601:types/repositories/timesheet.repository.ts(99,46): error TS2314: Generic type 'BaseRepository<T>' requires 1 type argument(s).
602:types/repositories/timesheet.repository.ts(105,40): error TS2339: Property 'supabase' does not exist on type 'SubcontractorRepository'.
603:types/repositories/timesheet.repository.ts(116,40): error TS2339: Property 'supabase' does not exist on type 'SubcontractorRepository'.
604:types/repositories/timesheet.repository.ts(128,22): error TS2339: Property 'supabase' does not exist on type 'SubcontractorRepository'.
605:types/repositories/timesheet.repository.ts(153,47): error TS2314: Generic type 'BaseRepository<T>' requires 1 type argument(s).
606:types/repositories/timesheet.repository.ts(159,67): error TS2339: Property 'supabase' does not exist on type 'DailyTimesheetRepository'.
607:types/repositories/timesheet.repository.ts(172,46): error TS2339: Property 'supabase' does not exist on type 'DailyTimesheetRepository'.
608:types/repositories/timesheet.repository.ts(182,22): error TS2339: Property 'supabase' does not exist on type 'DailyTimesheetRepository'.
609:types/repositories/timesheet.repository.ts(203,22): error TS2339: Property 'supabase' does not exist on type 'DailyTimesheetRepository'.
610:types/repositories/timesheet.repository.ts(223,40): error TS2339: Property 'supabase' does not exist on type 'DailyTimesheetRepository'.
611:types/repositories/timesheet.repository.ts(254,40): error TS2339: Property 'supabase' does not exist on type 'DailyTimesheetRepository'.
612:types/repositories/timesheet.repository.ts(275,40): error TS2339: Property 'supabase' does not exist on type 'DailyTimesheetRepository'.
613:types/repositories/timesheet.repository.ts(286,40): error TS2339: Property 'supabase' does not exist on type 'DailyTimesheetRepository'.
614:types/repositories/timesheet.repository.ts(320,51): error TS2339: Property 'supabase' does not exist on type 'DailyTimesheetRepository'.
615:types/repositories/timesheet.repository.ts(368,56): error TS2314: Generic type 'BaseRepository<T>' requires 1 type argument(s).
616:types/repositories/timesheet.repository.ts(374,22): error TS2339: Property 'supabase' does not exist on type 'TimesheetCostAllocationRepository'.
617:types/repositories/timesheet.repository.ts(401,40): error TS2339: Property 'supabase' does not exist on type 'TimesheetCostAllocationRepository'.
618:types/repositories/timesheet.repository.ts(422,40): error TS2339: Property 'supabase' does not exist on type 'TimesheetCostAllocationRepository'.
619:types/repositories/timesheet.repository.ts(432,40): error TS2339: Property 'supabase' does not exist on type 'TimesheetCostAllocationRepository'.
620:types/repositories/timesheet.repository.ts(467,40): error TS2339: Property 'supabase' does not exist on type 'TimesheetCostAllocationRepository'.
621:types/repositories/timesheet.repository.ts(485,16): error TS2339: Property 'supabase' does not exist on type 'TimesheetCostAllocationRepository'.
622:types/repositories/timesheets.repository.ts(5,50): error TS2339: Property 'timesheets' does not exist on type '{ account_assignment_categories: { Row: { category_code: string; category_name: string; description: string; is_active: boolean; }; Insert: { category_code: string; category_name?: string; description?: string; is_active?: boolean; }; Update: { ...; }; Relationships: []; }; ... 158 more ...; workflow_steps: { ...; }...'.
623:types/repositories/timesheets.repository.ts(6,55): error TS2339: Property 'timesheet_entries' does not exist on type '{ account_assignment_categories: { Row: { category_code: string; category_name: string; description: string; is_active: boolean; }; Insert: { category_code: string; category_name?: string; description?: string; is_active?: boolean; }; Update: { ...; }; Relationships: []; }; ... 158 more ...; workflow_steps: { ...; }...'.
624:types/repositories/timesheets.repository.ts(8,58): error TS2344: Type '"timesheets"' does not satisfy the constraint '"projects" | "tasks" | "purchase_orders" | "goods_receipts" | "stores" | "vendors" | "employees" | "users" | "account_keys" | "company_codes" | "chart_of_accounts" | "valuation_classes" | ... 147 more ... | "workflow_start_conditions"'.
625:types/repositories/timesheets.repository.ts(14,35): error TS2589: Type instantiation is excessively deep and possibly infinite.
626:types/repositories/timesheets.repository.ts(14,35): error TS2589: Type instantiation is excessively deep and possibly infinite.
627:types/repositories/timesheets.repository.ts(15,13): error TS2769: No overload matches this call.
628:types/repositories/timesheets.repository.ts(25,35): error TS2589: Type instantiation is excessively deep and possibly infinite.
629:types/repositories/timesheets.repository.ts(25,35): error TS2589: Type instantiation is excessively deep and possibly infinite.
630:types/repositories/timesheets.repository.ts(26,13): error TS2769: No overload matches this call.
631:types/repositories/timesheets.repository.ts(36,35): error TS2589: Type instantiation is excessively deep and possibly infinite.
632:types/repositories/timesheets.repository.ts(36,35): error TS2589: Type instantiation is excessively deep and possibly infinite.
633:types/repositories/timesheets.repository.ts(37,13): error TS2769: No overload matches this call.
634:types/repositories/timesheets.repository.ts(47,35): error TS2589: Type instantiation is excessively deep and possibly infinite.
635:types/repositories/timesheets.repository.ts(47,35): error TS2589: Type instantiation is excessively deep and possibly infinite.
636:types/repositories/timesheets.repository.ts(48,13): error TS2769: No overload matches this call.
637:types/repositories/timesheets.repository.ts(60,35): error TS2589: Type instantiation is excessively deep and possibly infinite.
638:types/repositories/timesheets.repository.ts(61,13): error TS2769: No overload matches this call.
639:types/repositories/timesheets.repository.ts(71,35): error TS2589: Type instantiation is excessively deep and possibly infinite.
640:types/repositories/timesheets.repository.ts(71,35): error TS2589: Type instantiation is excessively deep and possibly infinite.
641:types/repositories/timesheets.repository.ts(72,13): error TS2769: No overload matches this call.
642:types/repositories/timesheets.repository.ts(86,35): error TS2589: Type instantiation is excessively deep and possibly infinite.
643:types/repositories/timesheets.repository.ts(87,13): error TS2769: No overload matches this call.
644:types/repositories/timesheets.repository.ts(102,35): error TS2589: Type instantiation is excessively deep and possibly infinite.
645:types/repositories/timesheets.repository.ts(103,13): error TS2769: No overload matches this call.
646:types/repositories/timesheets.repository.ts(123,44): error TS2589: Type instantiation is excessively deep and possibly infinite.
647:types/repositories/timesheets.repository.ts(123,44): error TS2589: Type instantiation is excessively deep and possibly infinite.
648:types/repositories/timesheets.repository.ts(124,13): error TS2769: No overload matches this call.
649:types/repositories/timesheets.repository.ts(139,13): error TS2769: No overload matches this call.
650:types/repositories/timesheets.repository.ts(147,22): error TS2339: Property 'entry_type' does not exist on type 'SelectQueryError<"column 'hours' does not exist on 'projects'."> | SelectQueryError<"column 'hours' does not exist on 'tasks'."> | ... 157 more ... | SelectQueryError<...>'.
651:types/repositories/timesheets.repository.ts(148,35): error TS2339: Property 'hours' does not exist on type 'SelectQueryError<"column 'hours' does not exist on 'projects'."> | SelectQueryError<"column 'hours' does not exist on 'tasks'."> | ... 157 more ... | SelectQueryError<...>'.
652:types/repositories/timesheets.repository.ts(151,22): error TS2339: Property 'entry_type' does not exist on type 'SelectQueryError<"column 'hours' does not exist on 'projects'."> | SelectQueryError<"column 'hours' does not exist on 'tasks'."> | ... 157 more ... | SelectQueryError<...>'.
653:types/repositories/timesheets.repository.ts(152,35): error TS2339: Property 'hours' does not exist on type 'SelectQueryError<"column 'hours' does not exist on 'projects'."> | SelectQueryError<"column 'hours' does not exist on 'tasks'."> | ... 157 more ... | SelectQueryError<...>'.
654:types/repositories/timesheets.repository.ts(168,56): error TS2339: Property 'timesheet_entries' does not exist on type '{ account_assignment_categories: { Row: { category_code: string; category_name: string; description: string; is_active: boolean; }; Insert: { category_code: string; category_name?: string; description?: string; is_active?: boolean; }; Update: { ...; }; Relationships: []; }; ... 158 more ...; workflow_steps: { ...; }...'.
655:types/repositories/timesheets.repository.ts(169,35): error TS2589: Type instantiation is excessively deep and possibly infinite.
656:types/repositories/timesheets.repository.ts(170,13): error TS2769: No overload matches this call.
657:types/repositories/timesheets.repository.ts(180,35): error TS2589: Type instantiation is excessively deep and possibly infinite.
658:types/repositories/timesheets.repository.ts(181,13): error TS2769: No overload matches this call.
659:types/repositories/timesheets.repository.ts(191,35): error TS2589: Type instantiation is excessively deep and possibly infinite.
660:types/repositories/timesheets.repository.ts(192,13): error TS2769: No overload matches this call.
661:types/repositories/timesheets.repository.ts(202,35): error TS2589: Type instantiation is excessively deep and possibly infinite.
662:types/repositories/timesheets.repository.ts(203,13): error TS2769: No overload matches this call.
663:types/repositories/timesheets.repository.ts(218,13): error TS2769: No overload matches this call.
664:types/repositories/timesheets.repository.ts(231,13): error TS2769: No overload matches this call.
665:types/repositories/timesheets.repository.ts(243,13): error TS2769: No overload matches this call.
666:types/repositories/timesheets.repository.ts(252,13): error TS2769: No overload matches this call.
667:types/repositories/timesheets.repository.ts(257,53): error TS2339: Property 'hours' does not exist on type 'SelectQueryError<"column 'hours' does not exist on 'projects'."> | SelectQueryError<"column 'hours' does not exist on 'tasks'."> | ... 157 more ... | SelectQueryError<...>'.
668:types/sap-authorization.ts(1,19): error TS2307: Cannot find module 'zod' or its corresponding type declarations.
669:types/schemas/dynamic-stores.schema.ts(1,19): error TS2307: Cannot find module 'zod' or its corresponding type declarations.
670:types/schemas/procurement-workflow.schema.ts(1,19): error TS2307: Cannot find module 'zod' or its corresponding type declarations.
671:types/schemas/procurement.schema.ts(1,19): error TS2307: Cannot find module 'zod' or its corresponding type declarations.
672:types/schemas/projects.schema.ts(1,19): error TS2307: Cannot find module 'zod' or its corresponding type declarations.
673:types/schemas/stores.schema.ts(1,19): error TS2307: Cannot find module 'zod' or its corresponding type declarations.
674:types/schemas/tasks.schema.ts(1,19): error TS2307: Cannot find module 'zod' or its corresponding type declarations.
675:types/schemas/tenants.schema.ts(1,19): error TS2307: Cannot find module 'zod' or its corresponding type declarations.
676:types/schemas/timesheet.schema.ts(1,19): error TS2307: Cannot find module 'zod' or its corresponding type declarations.
677:types/schemas/timesheets.schema.ts(1,19): error TS2307: Cannot find module 'zod' or its corresponding type declarations.
678:types/schemas/wbs.schema.ts(1,19): error TS2307: Cannot find module 'zod' or its corresponding type declarations.
